<?xml version="1.0" encoding="UTF-8"?>
<robot generator="Robot 7.0 (Python 3.12.3 on win32)" generated="2024-04-14T14:43:10.159515" rpa="false" schemaversion="5">
<suite id="s1" name="GlobalTestSuite" source="C:\Users\pc\PychRobot\pythonProject\GlobalTestSuite">
<suite id="s1-s1" name="TestSuiteA" source="C:\Users\pc\PychRobot\pythonProject\GlobalTestSuite\TestSuiteA">
<suite id="s1-s1-s1" name="TestSuite1" source="C:\Users\pc\PychRobot\pythonProject\GlobalTestSuite\TestSuiteA\TestSuite1.robot">
<test id="s1-s1-s1-t1" name="Pierwszy test" line="8">
<kw name="Log" owner="BuiltIn">
<msg time="2024-04-14T14:43:10.187120" level="INFO">Hej! To jest pierwszy test!</msg>
<arg>Hej! To jest pierwszy test!</arg>
<doc>Logs the given message with the given level.</doc>
<status status="PASS" start="2024-04-14T14:43:10.187120" elapsed="0.000000"/>
</kw>
<status status="PASS" start="2024-04-14T14:43:10.186105" elapsed="0.001015"/>
</test>
<test id="s1-s1-s1-t2" name="Drugi test" line="11">
<kw name="Log" owner="BuiltIn">
<msg time="2024-04-14T14:43:10.188120" level="INFO">Kolejny test</msg>
<arg>Kolejny test</arg>
<doc>Logs the given message with the given level.</doc>
<status status="PASS" start="2024-04-14T14:43:10.188120" elapsed="0.000000"/>
</kw>
<kw name="Fail" owner="BuiltIn">
<msg time="2024-04-14T14:43:10.188120" level="FAIL">Mamy buga</msg>
<arg>Mamy buga</arg>
<doc>Fails the test with the given message and optionally alters its tags.</doc>
<status status="FAIL" start="2024-04-14T14:43:10.188120" elapsed="0.000000">Mamy buga</status>
</kw>
<doc>Dokumentacja drugiego testu</doc>
<status status="FAIL" start="2024-04-14T14:43:10.188120" elapsed="0.000000">Mamy buga</status>
</test>
<test id="s1-s1-s1-t3" name="Trzeci test" line="16">
<kw name="Log" owner="BuiltIn">
<msg time="2024-04-14T14:43:10.189116" level="INFO">Text loggera</msg>
<arg>${LOG_TEXT}</arg>
<doc>Logs the given message with the given level.</doc>
<status status="PASS" start="2024-04-14T14:43:10.189116" elapsed="0.000000"/>
</kw>
<status status="PASS" start="2024-04-14T14:43:10.189116" elapsed="0.000998"/>
</test>
<doc>Pierwsze testy w Robot Framework</doc>
<status status="FAIL" start="2024-04-14T14:43:10.184601" elapsed="0.005513"/>
</suite>
<suite id="s1-s1-s2" name="TestSuite2" source="C:\Users\pc\PychRobot\pythonProject\GlobalTestSuite\TestSuiteA\TestSuite2.robot">
<test id="s1-s1-s2-t1" name="Test o logowaniu INFO" line="31">
<kw name="Log Info">
<kw name="Log" owner="BuiltIn">
<msg time="2024-04-14T14:43:10.197158" level="INFO">wiadomość INFO</msg>
<arg>${log_message}</arg>
<doc>Logs the given message with the given level.</doc>
<status status="PASS" start="2024-04-14T14:43:10.196092" elapsed="0.001066"/>
</kw>
<arg>wiadomość INFO</arg>
<status status="PASS" start="2024-04-14T14:43:10.196092" elapsed="0.001066"/>
</kw>
<doc>Logowanie na poziomie INFO</doc>
<status status="PASS" start="2024-04-14T14:43:10.196092" elapsed="0.001066"/>
</test>
<test id="s1-s1-s2-t2" name="Test o logowaniu Warning" line="35">
<kw name="Log Warning">
<kw name="Log" owner="BuiltIn">
<msg time="2024-04-14T14:43:10.198156" level="WARN">wiadomość WARN</msg>
<arg>${log_message}</arg>
<arg>WARN</arg>
<doc>Logs the given message with the given level.</doc>
<status status="PASS" start="2024-04-14T14:43:10.198156" elapsed="0.000000"/>
</kw>
<arg>wiadomość WARN</arg>
<status status="PASS" start="2024-04-14T14:43:10.197158" elapsed="0.000998"/>
</kw>
<doc>Logowanie na poziomi WARNING</doc>
<status status="PASS" start="2024-04-14T14:43:10.197158" elapsed="0.000998"/>
</test>
<test id="s1-s1-s2-t3" name="Test z Repeat Keyword" line="39">
<kw name="Repeat Keyword" owner="BuiltIn">
<msg time="2024-04-14T14:43:10.198156" level="INFO">Repeating keyword, round 1/3.</msg>
<kw name="Log Info">
<kw name="Log" owner="BuiltIn">
<msg time="2024-04-14T14:43:10.199152" level="INFO">ten log wtkona sie 3 razy</msg>
<arg>${log_message}</arg>
<doc>Logs the given message with the given level.</doc>
<status status="PASS" start="2024-04-14T14:43:10.199152" elapsed="0.000000"/>
</kw>
<arg>ten log wtkona sie 3 razy</arg>
<status status="PASS" start="2024-04-14T14:43:10.198156" elapsed="0.000996"/>
</kw>
<msg time="2024-04-14T14:43:10.199152" level="INFO">Repeating keyword, round 2/3.</msg>
<kw name="Log Info">
<kw name="Log" owner="BuiltIn">
<msg time="2024-04-14T14:43:10.199152" level="INFO">ten log wtkona sie 3 razy</msg>
<arg>${log_message}</arg>
<doc>Logs the given message with the given level.</doc>
<status status="PASS" start="2024-04-14T14:43:10.199152" elapsed="0.000000"/>
</kw>
<arg>ten log wtkona sie 3 razy</arg>
<status status="PASS" start="2024-04-14T14:43:10.199152" elapsed="0.000000"/>
</kw>
<msg time="2024-04-14T14:43:10.199152" level="INFO">Repeating keyword, round 3/3.</msg>
<kw name="Log Info">
<kw name="Log" owner="BuiltIn">
<msg time="2024-04-14T14:43:10.199152" level="INFO">ten log wtkona sie 3 razy</msg>
<arg>${log_message}</arg>
<doc>Logs the given message with the given level.</doc>
<status status="PASS" start="2024-04-14T14:43:10.199152" elapsed="0.000000"/>
</kw>
<arg>ten log wtkona sie 3 razy</arg>
<status status="PASS" start="2024-04-14T14:43:10.199152" elapsed="0.000000"/>
</kw>
<arg>3 times</arg>
<arg>Log Info</arg>
<arg>ten log wtkona sie 3 razy</arg>
<doc>Executes the specified keyword multiple times.</doc>
<status status="PASS" start="2024-04-14T14:43:10.198156" elapsed="0.000996"/>
</kw>
<kw name="Repeat Keyword" owner="BuiltIn">
<msg time="2024-04-14T14:43:10.200148" level="INFO">Repeating keyword, round 1/60.</msg>
<kw name="Log Info">
<kw name="Log" owner="BuiltIn">
<msg time="2024-04-14T14:43:10.200148" level="INFO">ten log bedzie 60 razy</msg>
<arg>${log_message}</arg>
<doc>Logs the given message with the given level.</doc>
<status status="PASS" start="2024-04-14T14:43:10.200148" elapsed="0.000000"/>
</kw>
<arg>ten log bedzie 60 razy</arg>
<status status="PASS" start="2024-04-14T14:43:10.200148" elapsed="0.000000"/>
</kw>
<msg time="2024-04-14T14:43:10.200148" level="INFO">Repeating keyword, round 2/60.</msg>
<kw name="Log Info">
<kw name="Log" owner="BuiltIn">
<msg time="2024-04-14T14:43:10.200148" level="INFO">ten log bedzie 60 razy</msg>
<arg>${log_message}</arg>
<doc>Logs the given message with the given level.</doc>
<status status="PASS" start="2024-04-14T14:43:10.200148" elapsed="0.000000"/>
</kw>
<arg>ten log bedzie 60 razy</arg>
<status status="PASS" start="2024-04-14T14:43:10.200148" elapsed="0.000000"/>
</kw>
<msg time="2024-04-14T14:43:10.200148" level="INFO">Repeating keyword, round 3/60.</msg>
<kw name="Log Info">
<kw name="Log" owner="BuiltIn">
<msg time="2024-04-14T14:43:10.200148" level="INFO">ten log bedzie 60 razy</msg>
<arg>${log_message}</arg>
<doc>Logs the given message with the given level.</doc>
<status status="PASS" start="2024-04-14T14:43:10.200148" elapsed="0.000000"/>
</kw>
<arg>ten log bedzie 60 razy</arg>
<status status="PASS" start="2024-04-14T14:43:10.200148" elapsed="0.000000"/>
</kw>
<msg time="2024-04-14T14:43:10.200148" level="INFO">Repeating keyword, round 4/60.</msg>
<kw name="Log Info">
<kw name="Log" owner="BuiltIn">
<msg time="2024-04-14T14:43:10.201145" level="INFO">ten log bedzie 60 razy</msg>
<arg>${log_message}</arg>
<doc>Logs the given message with the given level.</doc>
<status status="PASS" start="2024-04-14T14:43:10.201145" elapsed="0.000000"/>
</kw>
<arg>ten log bedzie 60 razy</arg>
<status status="PASS" start="2024-04-14T14:43:10.201145" elapsed="0.000000"/>
</kw>
<msg time="2024-04-14T14:43:10.201145" level="INFO">Repeating keyword, round 5/60.</msg>
<kw name="Log Info">
<kw name="Log" owner="BuiltIn">
<msg time="2024-04-14T14:43:10.201145" level="INFO">ten log bedzie 60 razy</msg>
<arg>${log_message}</arg>
<doc>Logs the given message with the given level.</doc>
<status status="PASS" start="2024-04-14T14:43:10.201145" elapsed="0.000000"/>
</kw>
<arg>ten log bedzie 60 razy</arg>
<status status="PASS" start="2024-04-14T14:43:10.201145" elapsed="0.000000"/>
</kw>
<msg time="2024-04-14T14:43:10.201145" level="INFO">Repeating keyword, round 6/60.</msg>
<kw name="Log Info">
<kw name="Log" owner="BuiltIn">
<msg time="2024-04-14T14:43:10.201145" level="INFO">ten log bedzie 60 razy</msg>
<arg>${log_message}</arg>
<doc>Logs the given message with the given level.</doc>
<status status="PASS" start="2024-04-14T14:43:10.201145" elapsed="0.000000"/>
</kw>
<arg>ten log bedzie 60 razy</arg>
<status status="PASS" start="2024-04-14T14:43:10.201145" elapsed="0.000000"/>
</kw>
<msg time="2024-04-14T14:43:10.201145" level="INFO">Repeating keyword, round 7/60.</msg>
<kw name="Log Info">
<kw name="Log" owner="BuiltIn">
<msg time="2024-04-14T14:43:10.202141" level="INFO">ten log bedzie 60 razy</msg>
<arg>${log_message}</arg>
<doc>Logs the given message with the given level.</doc>
<status status="PASS" start="2024-04-14T14:43:10.202141" elapsed="0.000000"/>
</kw>
<arg>ten log bedzie 60 razy</arg>
<status status="PASS" start="2024-04-14T14:43:10.201145" elapsed="0.000996"/>
</kw>
<msg time="2024-04-14T14:43:10.202141" level="INFO">Repeating keyword, round 8/60.</msg>
<kw name="Log Info">
<kw name="Log" owner="BuiltIn">
<msg time="2024-04-14T14:43:10.202141" level="INFO">ten log bedzie 60 razy</msg>
<arg>${log_message}</arg>
<doc>Logs the given message with the given level.</doc>
<status status="PASS" start="2024-04-14T14:43:10.202141" elapsed="0.000000"/>
</kw>
<arg>ten log bedzie 60 razy</arg>
<status status="PASS" start="2024-04-14T14:43:10.202141" elapsed="0.000000"/>
</kw>
<msg time="2024-04-14T14:43:10.202141" level="INFO">Repeating keyword, round 9/60.</msg>
<kw name="Log Info">
<kw name="Log" owner="BuiltIn">
<msg time="2024-04-14T14:43:10.202141" level="INFO">ten log bedzie 60 razy</msg>
<arg>${log_message}</arg>
<doc>Logs the given message with the given level.</doc>
<status status="PASS" start="2024-04-14T14:43:10.202141" elapsed="0.000000"/>
</kw>
<arg>ten log bedzie 60 razy</arg>
<status status="PASS" start="2024-04-14T14:43:10.202141" elapsed="0.000000"/>
</kw>
<msg time="2024-04-14T14:43:10.202141" level="INFO">Repeating keyword, round 10/60.</msg>
<kw name="Log Info">
<kw name="Log" owner="BuiltIn">
<msg time="2024-04-14T14:43:10.203138" level="INFO">ten log bedzie 60 razy</msg>
<arg>${log_message}</arg>
<doc>Logs the given message with the given level.</doc>
<status status="PASS" start="2024-04-14T14:43:10.202141" elapsed="0.000997"/>
</kw>
<arg>ten log bedzie 60 razy</arg>
<status status="PASS" start="2024-04-14T14:43:10.202141" elapsed="0.000997"/>
</kw>
<msg time="2024-04-14T14:43:10.203138" level="INFO">Repeating keyword, round 11/60.</msg>
<kw name="Log Info">
<kw name="Log" owner="BuiltIn">
<msg time="2024-04-14T14:43:10.203138" level="INFO">ten log bedzie 60 razy</msg>
<arg>${log_message}</arg>
<doc>Logs the given message with the given level.</doc>
<status status="PASS" start="2024-04-14T14:43:10.203138" elapsed="0.000000"/>
</kw>
<arg>ten log bedzie 60 razy</arg>
<status status="PASS" start="2024-04-14T14:43:10.203138" elapsed="0.000000"/>
</kw>
<msg time="2024-04-14T14:43:10.203138" level="INFO">Repeating keyword, round 12/60.</msg>
<kw name="Log Info">
<kw name="Log" owner="BuiltIn">
<msg time="2024-04-14T14:43:10.203138" level="INFO">ten log bedzie 60 razy</msg>
<arg>${log_message}</arg>
<doc>Logs the given message with the given level.</doc>
<status status="PASS" start="2024-04-14T14:43:10.203138" elapsed="0.000000"/>
</kw>
<arg>ten log bedzie 60 razy</arg>
<status status="PASS" start="2024-04-14T14:43:10.203138" elapsed="0.000000"/>
</kw>
<msg time="2024-04-14T14:43:10.203138" level="INFO">Repeating keyword, round 13/60.</msg>
<kw name="Log Info">
<kw name="Log" owner="BuiltIn">
<msg time="2024-04-14T14:43:10.203138" level="INFO">ten log bedzie 60 razy</msg>
<arg>${log_message}</arg>
<doc>Logs the given message with the given level.</doc>
<status status="PASS" start="2024-04-14T14:43:10.203138" elapsed="0.000000"/>
</kw>
<arg>ten log bedzie 60 razy</arg>
<status status="PASS" start="2024-04-14T14:43:10.203138" elapsed="0.000000"/>
</kw>
<msg time="2024-04-14T14:43:10.203138" level="INFO">Repeating keyword, round 14/60.</msg>
<kw name="Log Info">
<kw name="Log" owner="BuiltIn">
<msg time="2024-04-14T14:43:10.204135" level="INFO">ten log bedzie 60 razy</msg>
<arg>${log_message}</arg>
<doc>Logs the given message with the given level.</doc>
<status status="PASS" start="2024-04-14T14:43:10.204135" elapsed="0.000000"/>
</kw>
<arg>ten log bedzie 60 razy</arg>
<status status="PASS" start="2024-04-14T14:43:10.203138" elapsed="0.000997"/>
</kw>
<msg time="2024-04-14T14:43:10.204135" level="INFO">Repeating keyword, round 15/60.</msg>
<kw name="Log Info">
<kw name="Log" owner="BuiltIn">
<msg time="2024-04-14T14:43:10.204135" level="INFO">ten log bedzie 60 razy</msg>
<arg>${log_message}</arg>
<doc>Logs the given message with the given level.</doc>
<status status="PASS" start="2024-04-14T14:43:10.204135" elapsed="0.000000"/>
</kw>
<arg>ten log bedzie 60 razy</arg>
<status status="PASS" start="2024-04-14T14:43:10.204135" elapsed="0.000000"/>
</kw>
<msg time="2024-04-14T14:43:10.204135" level="INFO">Repeating keyword, round 16/60.</msg>
<kw name="Log Info">
<kw name="Log" owner="BuiltIn">
<msg time="2024-04-14T14:43:10.204135" level="INFO">ten log bedzie 60 razy</msg>
<arg>${log_message}</arg>
<doc>Logs the given message with the given level.</doc>
<status status="PASS" start="2024-04-14T14:43:10.204135" elapsed="0.000000"/>
</kw>
<arg>ten log bedzie 60 razy</arg>
<status status="PASS" start="2024-04-14T14:43:10.204135" elapsed="0.000000"/>
</kw>
<msg time="2024-04-14T14:43:10.204135" level="INFO">Repeating keyword, round 17/60.</msg>
<kw name="Log Info">
<kw name="Log" owner="BuiltIn">
<msg time="2024-04-14T14:43:10.204135" level="INFO">ten log bedzie 60 razy</msg>
<arg>${log_message}</arg>
<doc>Logs the given message with the given level.</doc>
<status status="PASS" start="2024-04-14T14:43:10.204135" elapsed="0.000000"/>
</kw>
<arg>ten log bedzie 60 razy</arg>
<status status="PASS" start="2024-04-14T14:43:10.204135" elapsed="0.000000"/>
</kw>
<msg time="2024-04-14T14:43:10.204135" level="INFO">Repeating keyword, round 18/60.</msg>
<kw name="Log Info">
<kw name="Log" owner="BuiltIn">
<msg time="2024-04-14T14:43:10.205131" level="INFO">ten log bedzie 60 razy</msg>
<arg>${log_message}</arg>
<doc>Logs the given message with the given level.</doc>
<status status="PASS" start="2024-04-14T14:43:10.205131" elapsed="0.000000"/>
</kw>
<arg>ten log bedzie 60 razy</arg>
<status status="PASS" start="2024-04-14T14:43:10.205131" elapsed="0.000000"/>
</kw>
<msg time="2024-04-14T14:43:10.205131" level="INFO">Repeating keyword, round 19/60.</msg>
<kw name="Log Info">
<kw name="Log" owner="BuiltIn">
<msg time="2024-04-14T14:43:10.205131" level="INFO">ten log bedzie 60 razy</msg>
<arg>${log_message}</arg>
<doc>Logs the given message with the given level.</doc>
<status status="PASS" start="2024-04-14T14:43:10.205131" elapsed="0.000000"/>
</kw>
<arg>ten log bedzie 60 razy</arg>
<status status="PASS" start="2024-04-14T14:43:10.205131" elapsed="0.000000"/>
</kw>
<msg time="2024-04-14T14:43:10.205131" level="INFO">Repeating keyword, round 20/60.</msg>
<kw name="Log Info">
<kw name="Log" owner="BuiltIn">
<msg time="2024-04-14T14:43:10.205131" level="INFO">ten log bedzie 60 razy</msg>
<arg>${log_message}</arg>
<doc>Logs the given message with the given level.</doc>
<status status="PASS" start="2024-04-14T14:43:10.205131" elapsed="0.000000"/>
</kw>
<arg>ten log bedzie 60 razy</arg>
<status status="PASS" start="2024-04-14T14:43:10.205131" elapsed="0.000000"/>
</kw>
<msg time="2024-04-14T14:43:10.205131" level="INFO">Repeating keyword, round 21/60.</msg>
<kw name="Log Info">
<kw name="Log" owner="BuiltIn">
<msg time="2024-04-14T14:43:10.205131" level="INFO">ten log bedzie 60 razy</msg>
<arg>${log_message}</arg>
<doc>Logs the given message with the given level.</doc>
<status status="PASS" start="2024-04-14T14:43:10.205131" elapsed="0.000997"/>
</kw>
<arg>ten log bedzie 60 razy</arg>
<status status="PASS" start="2024-04-14T14:43:10.205131" elapsed="0.000997"/>
</kw>
<msg time="2024-04-14T14:43:10.206128" level="INFO">Repeating keyword, round 22/60.</msg>
<kw name="Log Info">
<kw name="Log" owner="BuiltIn">
<msg time="2024-04-14T14:43:10.206128" level="INFO">ten log bedzie 60 razy</msg>
<arg>${log_message}</arg>
<doc>Logs the given message with the given level.</doc>
<status status="PASS" start="2024-04-14T14:43:10.206128" elapsed="0.000000"/>
</kw>
<arg>ten log bedzie 60 razy</arg>
<status status="PASS" start="2024-04-14T14:43:10.206128" elapsed="0.000000"/>
</kw>
<msg time="2024-04-14T14:43:10.206128" level="INFO">Repeating keyword, round 23/60.</msg>
<kw name="Log Info">
<kw name="Log" owner="BuiltIn">
<msg time="2024-04-14T14:43:10.206128" level="INFO">ten log bedzie 60 razy</msg>
<arg>${log_message}</arg>
<doc>Logs the given message with the given level.</doc>
<status status="PASS" start="2024-04-14T14:43:10.206128" elapsed="0.000000"/>
</kw>
<arg>ten log bedzie 60 razy</arg>
<status status="PASS" start="2024-04-14T14:43:10.206128" elapsed="0.000000"/>
</kw>
<msg time="2024-04-14T14:43:10.207174" level="INFO">Repeating keyword, round 24/60.</msg>
<kw name="Log Info">
<kw name="Log" owner="BuiltIn">
<msg time="2024-04-14T14:43:10.207174" level="INFO">ten log bedzie 60 razy</msg>
<arg>${log_message}</arg>
<doc>Logs the given message with the given level.</doc>
<status status="PASS" start="2024-04-14T14:43:10.207174" elapsed="0.000000"/>
</kw>
<arg>ten log bedzie 60 razy</arg>
<status status="PASS" start="2024-04-14T14:43:10.207174" elapsed="0.000000"/>
</kw>
<msg time="2024-04-14T14:43:10.207174" level="INFO">Repeating keyword, round 25/60.</msg>
<kw name="Log Info">
<kw name="Log" owner="BuiltIn">
<msg time="2024-04-14T14:43:10.207174" level="INFO">ten log bedzie 60 razy</msg>
<arg>${log_message}</arg>
<doc>Logs the given message with the given level.</doc>
<status status="PASS" start="2024-04-14T14:43:10.207174" elapsed="0.000000"/>
</kw>
<arg>ten log bedzie 60 razy</arg>
<status status="PASS" start="2024-04-14T14:43:10.207174" elapsed="0.000000"/>
</kw>
<msg time="2024-04-14T14:43:10.207174" level="INFO">Repeating keyword, round 26/60.</msg>
<kw name="Log Info">
<kw name="Log" owner="BuiltIn">
<msg time="2024-04-14T14:43:10.208170" level="INFO">ten log bedzie 60 razy</msg>
<arg>${log_message}</arg>
<doc>Logs the given message with the given level.</doc>
<status status="PASS" start="2024-04-14T14:43:10.208170" elapsed="0.000000"/>
</kw>
<arg>ten log bedzie 60 razy</arg>
<status status="PASS" start="2024-04-14T14:43:10.207174" elapsed="0.000996"/>
</kw>
<msg time="2024-04-14T14:43:10.208170" level="INFO">Repeating keyword, round 27/60.</msg>
<kw name="Log Info">
<kw name="Log" owner="BuiltIn">
<msg time="2024-04-14T14:43:10.208170" level="INFO">ten log bedzie 60 razy</msg>
<arg>${log_message}</arg>
<doc>Logs the given message with the given level.</doc>
<status status="PASS" start="2024-04-14T14:43:10.208170" elapsed="0.000000"/>
</kw>
<arg>ten log bedzie 60 razy</arg>
<status status="PASS" start="2024-04-14T14:43:10.208170" elapsed="0.000000"/>
</kw>
<msg time="2024-04-14T14:43:10.208170" level="INFO">Repeating keyword, round 28/60.</msg>
<kw name="Log Info">
<kw name="Log" owner="BuiltIn">
<msg time="2024-04-14T14:43:10.208170" level="INFO">ten log bedzie 60 razy</msg>
<arg>${log_message}</arg>
<doc>Logs the given message with the given level.</doc>
<status status="PASS" start="2024-04-14T14:43:10.208170" elapsed="0.000000"/>
</kw>
<arg>ten log bedzie 60 razy</arg>
<status status="PASS" start="2024-04-14T14:43:10.208170" elapsed="0.000000"/>
</kw>
<msg time="2024-04-14T14:43:10.208170" level="INFO">Repeating keyword, round 29/60.</msg>
<kw name="Log Info">
<kw name="Log" owner="BuiltIn">
<msg time="2024-04-14T14:43:10.208170" level="INFO">ten log bedzie 60 razy</msg>
<arg>${log_message}</arg>
<doc>Logs the given message with the given level.</doc>
<status status="PASS" start="2024-04-14T14:43:10.208170" elapsed="0.000000"/>
</kw>
<arg>ten log bedzie 60 razy</arg>
<status status="PASS" start="2024-04-14T14:43:10.208170" elapsed="0.000000"/>
</kw>
<msg time="2024-04-14T14:43:10.208170" level="INFO">Repeating keyword, round 30/60.</msg>
<kw name="Log Info">
<kw name="Log" owner="BuiltIn">
<msg time="2024-04-14T14:43:10.209166" level="INFO">ten log bedzie 60 razy</msg>
<arg>${log_message}</arg>
<doc>Logs the given message with the given level.</doc>
<status status="PASS" start="2024-04-14T14:43:10.209166" elapsed="0.000000"/>
</kw>
<arg>ten log bedzie 60 razy</arg>
<status status="PASS" start="2024-04-14T14:43:10.209166" elapsed="0.000000"/>
</kw>
<msg time="2024-04-14T14:43:10.209166" level="INFO">Repeating keyword, round 31/60.</msg>
<kw name="Log Info">
<kw name="Log" owner="BuiltIn">
<msg time="2024-04-14T14:43:10.209166" level="INFO">ten log bedzie 60 razy</msg>
<arg>${log_message}</arg>
<doc>Logs the given message with the given level.</doc>
<status status="PASS" start="2024-04-14T14:43:10.209166" elapsed="0.000000"/>
</kw>
<arg>ten log bedzie 60 razy</arg>
<status status="PASS" start="2024-04-14T14:43:10.209166" elapsed="0.000000"/>
</kw>
<msg time="2024-04-14T14:43:10.209166" level="INFO">Repeating keyword, round 32/60.</msg>
<kw name="Log Info">
<kw name="Log" owner="BuiltIn">
<msg time="2024-04-14T14:43:10.209166" level="INFO">ten log bedzie 60 razy</msg>
<arg>${log_message}</arg>
<doc>Logs the given message with the given level.</doc>
<status status="PASS" start="2024-04-14T14:43:10.209166" elapsed="0.000000"/>
</kw>
<arg>ten log bedzie 60 razy</arg>
<status status="PASS" start="2024-04-14T14:43:10.209166" elapsed="0.000000"/>
</kw>
<msg time="2024-04-14T14:43:10.209166" level="INFO">Repeating keyword, round 33/60.</msg>
<kw name="Log Info">
<kw name="Log" owner="BuiltIn">
<msg time="2024-04-14T14:43:10.209166" level="INFO">ten log bedzie 60 razy</msg>
<arg>${log_message}</arg>
<doc>Logs the given message with the given level.</doc>
<status status="PASS" start="2024-04-14T14:43:10.209166" elapsed="0.000000"/>
</kw>
<arg>ten log bedzie 60 razy</arg>
<status status="PASS" start="2024-04-14T14:43:10.209166" elapsed="0.000000"/>
</kw>
<msg time="2024-04-14T14:43:10.210163" level="INFO">Repeating keyword, round 34/60.</msg>
<kw name="Log Info">
<kw name="Log" owner="BuiltIn">
<msg time="2024-04-14T14:43:10.210163" level="INFO">ten log bedzie 60 razy</msg>
<arg>${log_message}</arg>
<doc>Logs the given message with the given level.</doc>
<status status="PASS" start="2024-04-14T14:43:10.210163" elapsed="0.000000"/>
</kw>
<arg>ten log bedzie 60 razy</arg>
<status status="PASS" start="2024-04-14T14:43:10.210163" elapsed="0.000000"/>
</kw>
<msg time="2024-04-14T14:43:10.210163" level="INFO">Repeating keyword, round 35/60.</msg>
<kw name="Log Info">
<kw name="Log" owner="BuiltIn">
<msg time="2024-04-14T14:43:10.210163" level="INFO">ten log bedzie 60 razy</msg>
<arg>${log_message}</arg>
<doc>Logs the given message with the given level.</doc>
<status status="PASS" start="2024-04-14T14:43:10.210163" elapsed="0.000000"/>
</kw>
<arg>ten log bedzie 60 razy</arg>
<status status="PASS" start="2024-04-14T14:43:10.210163" elapsed="0.000000"/>
</kw>
<msg time="2024-04-14T14:43:10.210163" level="INFO">Repeating keyword, round 36/60.</msg>
<kw name="Log Info">
<kw name="Log" owner="BuiltIn">
<msg time="2024-04-14T14:43:10.210163" level="INFO">ten log bedzie 60 razy</msg>
<arg>${log_message}</arg>
<doc>Logs the given message with the given level.</doc>
<status status="PASS" start="2024-04-14T14:43:10.210163" elapsed="0.000000"/>
</kw>
<arg>ten log bedzie 60 razy</arg>
<status status="PASS" start="2024-04-14T14:43:10.210163" elapsed="0.000000"/>
</kw>
<msg time="2024-04-14T14:43:10.210163" level="INFO">Repeating keyword, round 37/60.</msg>
<kw name="Log Info">
<kw name="Log" owner="BuiltIn">
<msg time="2024-04-14T14:43:10.211160" level="INFO">ten log bedzie 60 razy</msg>
<arg>${log_message}</arg>
<doc>Logs the given message with the given level.</doc>
<status status="PASS" start="2024-04-14T14:43:10.210163" elapsed="0.000997"/>
</kw>
<arg>ten log bedzie 60 razy</arg>
<status status="PASS" start="2024-04-14T14:43:10.210163" elapsed="0.000997"/>
</kw>
<msg time="2024-04-14T14:43:10.211160" level="INFO">Repeating keyword, round 38/60.</msg>
<kw name="Log Info">
<kw name="Log" owner="BuiltIn">
<msg time="2024-04-14T14:43:10.211160" level="INFO">ten log bedzie 60 razy</msg>
<arg>${log_message}</arg>
<doc>Logs the given message with the given level.</doc>
<status status="PASS" start="2024-04-14T14:43:10.211160" elapsed="0.000000"/>
</kw>
<arg>ten log bedzie 60 razy</arg>
<status status="PASS" start="2024-04-14T14:43:10.211160" elapsed="0.000000"/>
</kw>
<msg time="2024-04-14T14:43:10.211160" level="INFO">Repeating keyword, round 39/60.</msg>
<kw name="Log Info">
<kw name="Log" owner="BuiltIn">
<msg time="2024-04-14T14:43:10.211160" level="INFO">ten log bedzie 60 razy</msg>
<arg>${log_message}</arg>
<doc>Logs the given message with the given level.</doc>
<status status="PASS" start="2024-04-14T14:43:10.211160" elapsed="0.000000"/>
</kw>
<arg>ten log bedzie 60 razy</arg>
<status status="PASS" start="2024-04-14T14:43:10.211160" elapsed="0.000000"/>
</kw>
<msg time="2024-04-14T14:43:10.211160" level="INFO">Repeating keyword, round 40/60.</msg>
<kw name="Log Info">
<kw name="Log" owner="BuiltIn">
<msg time="2024-04-14T14:43:10.212156" level="INFO">ten log bedzie 60 razy</msg>
<arg>${log_message}</arg>
<doc>Logs the given message with the given level.</doc>
<status status="PASS" start="2024-04-14T14:43:10.211160" elapsed="0.000996"/>
</kw>
<arg>ten log bedzie 60 razy</arg>
<status status="PASS" start="2024-04-14T14:43:10.211160" elapsed="0.000996"/>
</kw>
<msg time="2024-04-14T14:43:10.212156" level="INFO">Repeating keyword, round 41/60.</msg>
<kw name="Log Info">
<kw name="Log" owner="BuiltIn">
<msg time="2024-04-14T14:43:10.212156" level="INFO">ten log bedzie 60 razy</msg>
<arg>${log_message}</arg>
<doc>Logs the given message with the given level.</doc>
<status status="PASS" start="2024-04-14T14:43:10.212156" elapsed="0.000000"/>
</kw>
<arg>ten log bedzie 60 razy</arg>
<status status="PASS" start="2024-04-14T14:43:10.212156" elapsed="0.000000"/>
</kw>
<msg time="2024-04-14T14:43:10.212156" level="INFO">Repeating keyword, round 42/60.</msg>
<kw name="Log Info">
<kw name="Log" owner="BuiltIn">
<msg time="2024-04-14T14:43:10.212156" level="INFO">ten log bedzie 60 razy</msg>
<arg>${log_message}</arg>
<doc>Logs the given message with the given level.</doc>
<status status="PASS" start="2024-04-14T14:43:10.212156" elapsed="0.000000"/>
</kw>
<arg>ten log bedzie 60 razy</arg>
<status status="PASS" start="2024-04-14T14:43:10.212156" elapsed="0.000000"/>
</kw>
<msg time="2024-04-14T14:43:10.212156" level="INFO">Repeating keyword, round 43/60.</msg>
<kw name="Log Info">
<kw name="Log" owner="BuiltIn">
<msg time="2024-04-14T14:43:10.212156" level="INFO">ten log bedzie 60 razy</msg>
<arg>${log_message}</arg>
<doc>Logs the given message with the given level.</doc>
<status status="PASS" start="2024-04-14T14:43:10.212156" elapsed="0.000000"/>
</kw>
<arg>ten log bedzie 60 razy</arg>
<status status="PASS" start="2024-04-14T14:43:10.212156" elapsed="0.000000"/>
</kw>
<msg time="2024-04-14T14:43:10.212156" level="INFO">Repeating keyword, round 44/60.</msg>
<kw name="Log Info">
<kw name="Log" owner="BuiltIn">
<msg time="2024-04-14T14:43:10.213153" level="INFO">ten log bedzie 60 razy</msg>
<arg>${log_message}</arg>
<doc>Logs the given message with the given level.</doc>
<status status="PASS" start="2024-04-14T14:43:10.213153" elapsed="0.000000"/>
</kw>
<arg>ten log bedzie 60 razy</arg>
<status status="PASS" start="2024-04-14T14:43:10.212156" elapsed="0.000997"/>
</kw>
<msg time="2024-04-14T14:43:10.213153" level="INFO">Repeating keyword, round 45/60.</msg>
<kw name="Log Info">
<kw name="Log" owner="BuiltIn">
<msg time="2024-04-14T14:43:10.213153" level="INFO">ten log bedzie 60 razy</msg>
<arg>${log_message}</arg>
<doc>Logs the given message with the given level.</doc>
<status status="PASS" start="2024-04-14T14:43:10.213153" elapsed="0.000000"/>
</kw>
<arg>ten log bedzie 60 razy</arg>
<status status="PASS" start="2024-04-14T14:43:10.213153" elapsed="0.000000"/>
</kw>
<msg time="2024-04-14T14:43:10.213153" level="INFO">Repeating keyword, round 46/60.</msg>
<kw name="Log Info">
<kw name="Log" owner="BuiltIn">
<msg time="2024-04-14T14:43:10.213153" level="INFO">ten log bedzie 60 razy</msg>
<arg>${log_message}</arg>
<doc>Logs the given message with the given level.</doc>
<status status="PASS" start="2024-04-14T14:43:10.213153" elapsed="0.000000"/>
</kw>
<arg>ten log bedzie 60 razy</arg>
<status status="PASS" start="2024-04-14T14:43:10.213153" elapsed="0.000000"/>
</kw>
<msg time="2024-04-14T14:43:10.213153" level="INFO">Repeating keyword, round 47/60.</msg>
<kw name="Log Info">
<kw name="Log" owner="BuiltIn">
<msg time="2024-04-14T14:43:10.214150" level="INFO">ten log bedzie 60 razy</msg>
<arg>${log_message}</arg>
<doc>Logs the given message with the given level.</doc>
<status status="PASS" start="2024-04-14T14:43:10.214150" elapsed="0.000000"/>
</kw>
<arg>ten log bedzie 60 razy</arg>
<status status="PASS" start="2024-04-14T14:43:10.213153" elapsed="0.000997"/>
</kw>
<msg time="2024-04-14T14:43:10.214150" level="INFO">Repeating keyword, round 48/60.</msg>
<kw name="Log Info">
<kw name="Log" owner="BuiltIn">
<msg time="2024-04-14T14:43:10.214150" level="INFO">ten log bedzie 60 razy</msg>
<arg>${log_message}</arg>
<doc>Logs the given message with the given level.</doc>
<status status="PASS" start="2024-04-14T14:43:10.214150" elapsed="0.000000"/>
</kw>
<arg>ten log bedzie 60 razy</arg>
<status status="PASS" start="2024-04-14T14:43:10.214150" elapsed="0.000000"/>
</kw>
<msg time="2024-04-14T14:43:10.214150" level="INFO">Repeating keyword, round 49/60.</msg>
<kw name="Log Info">
<kw name="Log" owner="BuiltIn">
<msg time="2024-04-14T14:43:10.214150" level="INFO">ten log bedzie 60 razy</msg>
<arg>${log_message}</arg>
<doc>Logs the given message with the given level.</doc>
<status status="PASS" start="2024-04-14T14:43:10.214150" elapsed="0.000000"/>
</kw>
<arg>ten log bedzie 60 razy</arg>
<status status="PASS" start="2024-04-14T14:43:10.214150" elapsed="0.000000"/>
</kw>
<msg time="2024-04-14T14:43:10.214150" level="INFO">Repeating keyword, round 50/60.</msg>
<kw name="Log Info">
<kw name="Log" owner="BuiltIn">
<msg time="2024-04-14T14:43:10.214150" level="INFO">ten log bedzie 60 razy</msg>
<arg>${log_message}</arg>
<doc>Logs the given message with the given level.</doc>
<status status="PASS" start="2024-04-14T14:43:10.214150" elapsed="0.000997"/>
</kw>
<arg>ten log bedzie 60 razy</arg>
<status status="PASS" start="2024-04-14T14:43:10.214150" elapsed="0.000997"/>
</kw>
<msg time="2024-04-14T14:43:10.215147" level="INFO">Repeating keyword, round 51/60.</msg>
<kw name="Log Info">
<kw name="Log" owner="BuiltIn">
<msg time="2024-04-14T14:43:10.215147" level="INFO">ten log bedzie 60 razy</msg>
<arg>${log_message}</arg>
<doc>Logs the given message with the given level.</doc>
<status status="PASS" start="2024-04-14T14:43:10.215147" elapsed="0.000000"/>
</kw>
<arg>ten log bedzie 60 razy</arg>
<status status="PASS" start="2024-04-14T14:43:10.215147" elapsed="0.000000"/>
</kw>
<msg time="2024-04-14T14:43:10.215147" level="INFO">Repeating keyword, round 52/60.</msg>
<kw name="Log Info">
<kw name="Log" owner="BuiltIn">
<msg time="2024-04-14T14:43:10.215147" level="INFO">ten log bedzie 60 razy</msg>
<arg>${log_message}</arg>
<doc>Logs the given message with the given level.</doc>
<status status="PASS" start="2024-04-14T14:43:10.215147" elapsed="0.000000"/>
</kw>
<arg>ten log bedzie 60 razy</arg>
<status status="PASS" start="2024-04-14T14:43:10.215147" elapsed="0.000000"/>
</kw>
<msg time="2024-04-14T14:43:10.215147" level="INFO">Repeating keyword, round 53/60.</msg>
<kw name="Log Info">
<kw name="Log" owner="BuiltIn">
<msg time="2024-04-14T14:43:10.215147" level="INFO">ten log bedzie 60 razy</msg>
<arg>${log_message}</arg>
<doc>Logs the given message with the given level.</doc>
<status status="PASS" start="2024-04-14T14:43:10.215147" elapsed="0.000000"/>
</kw>
<arg>ten log bedzie 60 razy</arg>
<status status="PASS" start="2024-04-14T14:43:10.215147" elapsed="0.000000"/>
</kw>
<msg time="2024-04-14T14:43:10.216143" level="INFO">Repeating keyword, round 54/60.</msg>
<kw name="Log Info">
<kw name="Log" owner="BuiltIn">
<msg time="2024-04-14T14:43:10.216143" level="INFO">ten log bedzie 60 razy</msg>
<arg>${log_message}</arg>
<doc>Logs the given message with the given level.</doc>
<status status="PASS" start="2024-04-14T14:43:10.216143" elapsed="0.000000"/>
</kw>
<arg>ten log bedzie 60 razy</arg>
<status status="PASS" start="2024-04-14T14:43:10.216143" elapsed="0.000000"/>
</kw>
<msg time="2024-04-14T14:43:10.216143" level="INFO">Repeating keyword, round 55/60.</msg>
<kw name="Log Info">
<kw name="Log" owner="BuiltIn">
<msg time="2024-04-14T14:43:10.216645" level="INFO">ten log bedzie 60 razy</msg>
<arg>${log_message}</arg>
<doc>Logs the given message with the given level.</doc>
<status status="PASS" start="2024-04-14T14:43:10.216143" elapsed="0.000502"/>
</kw>
<arg>ten log bedzie 60 razy</arg>
<status status="PASS" start="2024-04-14T14:43:10.216143" elapsed="0.000502"/>
</kw>
<msg time="2024-04-14T14:43:10.216645" level="INFO">Repeating keyword, round 56/60.</msg>
<kw name="Log Info">
<kw name="Log" owner="BuiltIn">
<msg time="2024-04-14T14:43:10.216645" level="INFO">ten log bedzie 60 razy</msg>
<arg>${log_message}</arg>
<doc>Logs the given message with the given level.</doc>
<status status="PASS" start="2024-04-14T14:43:10.216645" elapsed="0.000000"/>
</kw>
<arg>ten log bedzie 60 razy</arg>
<status status="PASS" start="2024-04-14T14:43:10.216645" elapsed="0.000000"/>
</kw>
<msg time="2024-04-14T14:43:10.216645" level="INFO">Repeating keyword, round 57/60.</msg>
<kw name="Log Info">
<kw name="Log" owner="BuiltIn">
<msg time="2024-04-14T14:43:10.216645" level="INFO">ten log bedzie 60 razy</msg>
<arg>${log_message}</arg>
<doc>Logs the given message with the given level.</doc>
<status status="PASS" start="2024-04-14T14:43:10.216645" elapsed="0.000000"/>
</kw>
<arg>ten log bedzie 60 razy</arg>
<status status="PASS" start="2024-04-14T14:43:10.216645" elapsed="0.000000"/>
</kw>
<msg time="2024-04-14T14:43:10.216645" level="INFO">Repeating keyword, round 58/60.</msg>
<kw name="Log Info">
<kw name="Log" owner="BuiltIn">
<msg time="2024-04-14T14:43:10.216645" level="INFO">ten log bedzie 60 razy</msg>
<arg>${log_message}</arg>
<doc>Logs the given message with the given level.</doc>
<status status="PASS" start="2024-04-14T14:43:10.216645" elapsed="0.000000"/>
</kw>
<arg>ten log bedzie 60 razy</arg>
<status status="PASS" start="2024-04-14T14:43:10.216645" elapsed="0.000000"/>
</kw>
<msg time="2024-04-14T14:43:10.216645" level="INFO">Repeating keyword, round 59/60.</msg>
<kw name="Log Info">
<kw name="Log" owner="BuiltIn">
<msg time="2024-04-14T14:43:10.216645" level="INFO">ten log bedzie 60 razy</msg>
<arg>${log_message}</arg>
<doc>Logs the given message with the given level.</doc>
<status status="PASS" start="2024-04-14T14:43:10.216645" elapsed="0.000000"/>
</kw>
<arg>ten log bedzie 60 razy</arg>
<status status="PASS" start="2024-04-14T14:43:10.216645" elapsed="0.000000"/>
</kw>
<msg time="2024-04-14T14:43:10.216645" level="INFO">Repeating keyword, round 60/60.</msg>
<kw name="Log Info">
<kw name="Log" owner="BuiltIn">
<msg time="2024-04-14T14:43:10.216645" level="INFO">ten log bedzie 60 razy</msg>
<arg>${log_message}</arg>
<doc>Logs the given message with the given level.</doc>
<status status="PASS" start="2024-04-14T14:43:10.216645" elapsed="0.000000"/>
</kw>
<arg>ten log bedzie 60 razy</arg>
<status status="PASS" start="2024-04-14T14:43:10.216645" elapsed="0.000000"/>
</kw>
<arg>60</arg>
<arg>Log Info</arg>
<arg>ten log bedzie 60 razy</arg>
<doc>Executes the specified keyword multiple times.</doc>
<status status="PASS" start="2024-04-14T14:43:10.199152" elapsed="0.017493"/>
</kw>
<kw name="Repeat Keyword" owner="BuiltIn">
<msg time="2024-04-14T14:43:10.218142" level="INFO">Repeating keyword, round 1, 10s remaining.</msg>
<kw name="Log Info z opoznieniem">
<kw name="Log" owner="BuiltIn">
<msg time="2024-04-14T14:43:10.218142" level="INFO">ten log bedzie wykonywany 10 sekund</msg>
<arg>${log_message}</arg>
<doc>Logs the given message with the given level.</doc>
<status status="PASS" start="2024-04-14T14:43:10.218142" elapsed="0.000000"/>
</kw>
<kw name="Sleep" owner="BuiltIn">
<msg time="2024-04-14T14:43:12.218623" level="INFO">Slept 2 seconds.</msg>
<arg>2s</arg>
<doc>Pauses the test executed for the given time.</doc>
<status status="PASS" start="2024-04-14T14:43:10.218142" elapsed="2.000481"/>
</kw>
<arg>ten log bedzie wykonywany 10 sekund</arg>
<status status="PASS" start="2024-04-14T14:43:10.218142" elapsed="2.000481"/>
</kw>
<msg time="2024-04-14T14:43:12.218623" level="INFO">Repeating keyword, round 2, 8s remaining.</msg>
<kw name="Log Info z opoznieniem">
<kw name="Log" owner="BuiltIn">
<msg time="2024-04-14T14:43:12.218623" level="INFO">ten log bedzie wykonywany 10 sekund</msg>
<arg>${log_message}</arg>
<doc>Logs the given message with the given level.</doc>
<status status="PASS" start="2024-04-14T14:43:12.218623" elapsed="0.000000"/>
</kw>
<kw name="Sleep" owner="BuiltIn">
<msg time="2024-04-14T14:43:14.218690" level="INFO">Slept 2 seconds.</msg>
<arg>2s</arg>
<doc>Pauses the test executed for the given time.</doc>
<status status="PASS" start="2024-04-14T14:43:12.218623" elapsed="2.000067"/>
</kw>
<arg>ten log bedzie wykonywany 10 sekund</arg>
<status status="PASS" start="2024-04-14T14:43:12.218623" elapsed="2.000067"/>
</kw>
<msg time="2024-04-14T14:43:14.218690" level="INFO">Repeating keyword, round 3, 5s 999ms remaining.</msg>
<kw name="Log Info z opoznieniem">
<kw name="Log" owner="BuiltIn">
<msg time="2024-04-14T14:43:14.219193" level="INFO">ten log bedzie wykonywany 10 sekund</msg>
<arg>${log_message}</arg>
<doc>Logs the given message with the given level.</doc>
<status status="PASS" start="2024-04-14T14:43:14.219193" elapsed="0.000000"/>
</kw>
<kw name="Sleep" owner="BuiltIn">
<msg time="2024-04-14T14:43:16.219679" level="INFO">Slept 2 seconds.</msg>
<arg>2s</arg>
<doc>Pauses the test executed for the given time.</doc>
<status status="PASS" start="2024-04-14T14:43:14.219193" elapsed="2.000486"/>
</kw>
<arg>ten log bedzie wykonywany 10 sekund</arg>
<status status="PASS" start="2024-04-14T14:43:14.218690" elapsed="2.000989"/>
</kw>
<msg time="2024-04-14T14:43:16.219679" level="INFO">Repeating keyword, round 4, 3s 998ms remaining.</msg>
<kw name="Log Info z opoznieniem">
<kw name="Log" owner="BuiltIn">
<msg time="2024-04-14T14:43:16.220725" level="INFO">ten log bedzie wykonywany 10 sekund</msg>
<arg>${log_message}</arg>
<doc>Logs the given message with the given level.</doc>
<status status="PASS" start="2024-04-14T14:43:16.220725" elapsed="0.000000"/>
</kw>
<kw name="Sleep" owner="BuiltIn">
<msg time="2024-04-14T14:43:18.220999" level="INFO">Slept 2 seconds.</msg>
<arg>2s</arg>
<doc>Pauses the test executed for the given time.</doc>
<status status="PASS" start="2024-04-14T14:43:16.220725" elapsed="2.000274"/>
</kw>
<arg>ten log bedzie wykonywany 10 sekund</arg>
<status status="PASS" start="2024-04-14T14:43:16.219679" elapsed="2.001320"/>
</kw>
<msg time="2024-04-14T14:43:18.220999" level="INFO">Repeating keyword, round 5, 1s 997ms remaining.</msg>
<kw name="Log Info z opoznieniem">
<kw name="Log" owner="BuiltIn">
<msg time="2024-04-14T14:43:18.222007" level="INFO">ten log bedzie wykonywany 10 sekund</msg>
<arg>${log_message}</arg>
<doc>Logs the given message with the given level.</doc>
<status status="PASS" start="2024-04-14T14:43:18.222007" elapsed="0.000000"/>
</kw>
<kw name="Sleep" owner="BuiltIn">
<msg time="2024-04-14T14:43:20.222324" level="INFO">Slept 2 seconds.</msg>
<arg>2s</arg>
<doc>Pauses the test executed for the given time.</doc>
<status status="PASS" start="2024-04-14T14:43:18.222007" elapsed="2.000317"/>
</kw>
<arg>ten log bedzie wykonywany 10 sekund</arg>
<status status="PASS" start="2024-04-14T14:43:18.220999" elapsed="2.001325"/>
</kw>
<arg>10s</arg>
<arg>Log Info z opoznieniem</arg>
<arg>ten log bedzie wykonywany 10 sekund</arg>
<doc>Executes the specified keyword multiple times.</doc>
<status status="PASS" start="2024-04-14T14:43:10.218142" elapsed="10.004182"/>
</kw>
<doc>Wykorzystywanie Repeat Keyword</doc>
<status status="PASS" start="2024-04-14T14:43:10.198156" elapsed="10.025190"/>
</test>
<test id="s1-s1-s2-t4" name="Test z Run Keyword And Continue On Failure" line="45">
<kw name="Run Keyword And Continue On Failure" owner="BuiltIn">
<kw name="Keyword That Fails">
<kw name="Fail" owner="BuiltIn">
<msg time="2024-04-14T14:43:20.224343" level="FAIL">AssertionError</msg>
<doc>Fails the test with the given message and optionally alters its tags.</doc>
<status status="FAIL" start="2024-04-14T14:43:20.224343" elapsed="0.000000">AssertionError</status>
</kw>
<status status="FAIL" start="2024-04-14T14:43:20.224343" elapsed="0.000000">AssertionError</status>
</kw>
<arg>Keyword That Fails</arg>
<doc>Runs the keyword and continues execution even if a failure occurs.</doc>
<status status="FAIL" start="2024-04-14T14:43:20.224343" elapsed="0.000000">AssertionError</status>
</kw>
<kw name="Repeat Keyword" owner="BuiltIn">
<msg time="2024-04-14T14:43:20.225848" level="INFO">Repeating keyword, round 1/3.</msg>
<kw name="Log Info">
<kw name="Log" owner="BuiltIn">
<msg time="2024-04-14T14:43:20.225848" level="INFO">Ten log bedzie 3 razy</msg>
<arg>${log_message}</arg>
<doc>Logs the given message with the given level.</doc>
<status status="PASS" start="2024-04-14T14:43:20.225848" elapsed="0.000000"/>
</kw>
<arg>Ten log bedzie 3 razy</arg>
<status status="PASS" start="2024-04-14T14:43:20.225848" elapsed="0.001015"/>
</kw>
<msg time="2024-04-14T14:43:20.226863" level="INFO">Repeating keyword, round 2/3.</msg>
<kw name="Log Info">
<kw name="Log" owner="BuiltIn">
<msg time="2024-04-14T14:43:20.226863" level="INFO">Ten log bedzie 3 razy</msg>
<arg>${log_message}</arg>
<doc>Logs the given message with the given level.</doc>
<status status="PASS" start="2024-04-14T14:43:20.226863" elapsed="0.000000"/>
</kw>
<arg>Ten log bedzie 3 razy</arg>
<status status="PASS" start="2024-04-14T14:43:20.226863" elapsed="0.000000"/>
</kw>
<msg time="2024-04-14T14:43:20.226863" level="INFO">Repeating keyword, round 3/3.</msg>
<kw name="Log Info">
<kw name="Log" owner="BuiltIn">
<msg time="2024-04-14T14:43:20.226863" level="INFO">Ten log bedzie 3 razy</msg>
<arg>${log_message}</arg>
<doc>Logs the given message with the given level.</doc>
<status status="PASS" start="2024-04-14T14:43:20.226863" elapsed="0.000000"/>
</kw>
<arg>Ten log bedzie 3 razy</arg>
<status status="PASS" start="2024-04-14T14:43:20.226863" elapsed="0.000000"/>
</kw>
<arg>3 Times</arg>
<arg>Log Info</arg>
<arg>Ten log bedzie 3 razy</arg>
<doc>Executes the specified keyword multiple times.</doc>
<status status="PASS" start="2024-04-14T14:43:20.225848" elapsed="0.001015"/>
</kw>
<kw name="Repeat Keyword" owner="BuiltIn">
<msg time="2024-04-14T14:43:20.227859" level="INFO">Repeating keyword, round 1/5.</msg>
<kw name="Run Keyword And Continue On Failure" owner="BuiltIn">
<kw name="Keyword That Fails">
<kw name="Fail" owner="BuiltIn">
<msg time="2024-04-14T14:43:20.227859" level="FAIL">AssertionError</msg>
<doc>Fails the test with the given message and optionally alters its tags.</doc>
<status status="FAIL" start="2024-04-14T14:43:20.227859" elapsed="0.000000">AssertionError</status>
</kw>
<status status="FAIL" start="2024-04-14T14:43:20.227859" elapsed="0.000000">AssertionError</status>
</kw>
<arg>Keyword That Fails</arg>
<doc>Runs the keyword and continues execution even if a failure occurs.</doc>
<status status="FAIL" start="2024-04-14T14:43:20.227859" elapsed="0.000000">AssertionError</status>
</kw>
<msg time="2024-04-14T14:43:20.227859" level="INFO">Repeating keyword, round 2/5.</msg>
<kw name="Run Keyword And Continue On Failure" owner="BuiltIn">
<kw name="Keyword That Fails">
<kw name="Fail" owner="BuiltIn">
<msg time="2024-04-14T14:43:20.228858" level="FAIL">AssertionError</msg>
<doc>Fails the test with the given message and optionally alters its tags.</doc>
<status status="FAIL" start="2024-04-14T14:43:20.227859" elapsed="0.000999">AssertionError</status>
</kw>
<status status="FAIL" start="2024-04-14T14:43:20.227859" elapsed="0.000999">AssertionError</status>
</kw>
<arg>Keyword That Fails</arg>
<doc>Runs the keyword and continues execution even if a failure occurs.</doc>
<status status="FAIL" start="2024-04-14T14:43:20.227859" elapsed="0.000999">AssertionError</status>
</kw>
<msg time="2024-04-14T14:43:20.228858" level="INFO">Repeating keyword, round 3/5.</msg>
<kw name="Run Keyword And Continue On Failure" owner="BuiltIn">
<kw name="Keyword That Fails">
<kw name="Fail" owner="BuiltIn">
<msg time="2024-04-14T14:43:20.228858" level="FAIL">AssertionError</msg>
<doc>Fails the test with the given message and optionally alters its tags.</doc>
<status status="FAIL" start="2024-04-14T14:43:20.228858" elapsed="0.000000">AssertionError</status>
</kw>
<status status="FAIL" start="2024-04-14T14:43:20.228858" elapsed="0.000000">AssertionError</status>
</kw>
<arg>Keyword That Fails</arg>
<doc>Runs the keyword and continues execution even if a failure occurs.</doc>
<status status="FAIL" start="2024-04-14T14:43:20.228858" elapsed="0.000000">AssertionError</status>
</kw>
<msg time="2024-04-14T14:43:20.228858" level="INFO">Repeating keyword, round 4/5.</msg>
<kw name="Run Keyword And Continue On Failure" owner="BuiltIn">
<kw name="Keyword That Fails">
<kw name="Fail" owner="BuiltIn">
<msg time="2024-04-14T14:43:20.229854" level="FAIL">AssertionError</msg>
<doc>Fails the test with the given message and optionally alters its tags.</doc>
<status status="FAIL" start="2024-04-14T14:43:20.229854" elapsed="0.000000">AssertionError</status>
</kw>
<status status="FAIL" start="2024-04-14T14:43:20.228858" elapsed="0.000996">AssertionError</status>
</kw>
<arg>Keyword That Fails</arg>
<doc>Runs the keyword and continues execution even if a failure occurs.</doc>
<status status="FAIL" start="2024-04-14T14:43:20.228858" elapsed="0.000996">AssertionError</status>
</kw>
<msg time="2024-04-14T14:43:20.229854" level="INFO">Repeating keyword, round 5/5.</msg>
<kw name="Run Keyword And Continue On Failure" owner="BuiltIn">
<kw name="Keyword That Fails">
<kw name="Fail" owner="BuiltIn">
<msg time="2024-04-14T14:43:20.229854" level="FAIL">AssertionError</msg>
<doc>Fails the test with the given message and optionally alters its tags.</doc>
<status status="FAIL" start="2024-04-14T14:43:20.229854" elapsed="0.000000">AssertionError</status>
</kw>
<status status="FAIL" start="2024-04-14T14:43:20.229854" elapsed="0.000000">AssertionError</status>
</kw>
<arg>Keyword That Fails</arg>
<doc>Runs the keyword and continues execution even if a failure occurs.</doc>
<status status="FAIL" start="2024-04-14T14:43:20.229854" elapsed="0.000000">AssertionError</status>
</kw>
<arg>5 times</arg>
<arg>Run Keyword And Continue On Failure</arg>
<arg>Keyword That Fails</arg>
<doc>Executes the specified keyword multiple times.</doc>
<status status="FAIL" start="2024-04-14T14:43:20.226863" elapsed="0.002991">Several failures occurred:

1) AssertionError

2) AssertionError

3) AssertionError

4) AssertionError

5) AssertionError</status>
</kw>
<kw name="Repeat Keyword" owner="BuiltIn">
<msg time="2024-04-14T14:43:20.230851" level="INFO">Repeating keyword, round 1/5.</msg>
<kw name="Run Keyword And Continue On Failure" owner="BuiltIn">
<kw name="Log Info">
<kw name="Log" owner="BuiltIn">
<msg time="2024-04-14T14:43:20.230851" level="INFO">Powinno byc na zielono</msg>
<arg>${log_message}</arg>
<doc>Logs the given message with the given level.</doc>
<status status="PASS" start="2024-04-14T14:43:20.230851" elapsed="0.000000"/>
</kw>
<arg>Powinno byc na zielono</arg>
<status status="PASS" start="2024-04-14T14:43:20.230851" elapsed="0.000000"/>
</kw>
<arg>Log Info</arg>
<arg>Powinno byc na zielono</arg>
<doc>Runs the keyword and continues execution even if a failure occurs.</doc>
<status status="PASS" start="2024-04-14T14:43:20.230851" elapsed="0.000000"/>
</kw>
<msg time="2024-04-14T14:43:20.230851" level="INFO">Repeating keyword, round 2/5.</msg>
<kw name="Run Keyword And Continue On Failure" owner="BuiltIn">
<kw name="Log Info">
<kw name="Log" owner="BuiltIn">
<msg time="2024-04-14T14:43:20.231847" level="INFO">Powinno byc na zielono</msg>
<arg>${log_message}</arg>
<doc>Logs the given message with the given level.</doc>
<status status="PASS" start="2024-04-14T14:43:20.231847" elapsed="0.000000"/>
</kw>
<arg>Powinno byc na zielono</arg>
<status status="PASS" start="2024-04-14T14:43:20.230851" elapsed="0.000996"/>
</kw>
<arg>Log Info</arg>
<arg>Powinno byc na zielono</arg>
<doc>Runs the keyword and continues execution even if a failure occurs.</doc>
<status status="PASS" start="2024-04-14T14:43:20.230851" elapsed="0.000996"/>
</kw>
<msg time="2024-04-14T14:43:20.231847" level="INFO">Repeating keyword, round 3/5.</msg>
<kw name="Run Keyword And Continue On Failure" owner="BuiltIn">
<kw name="Log Info">
<kw name="Log" owner="BuiltIn">
<msg time="2024-04-14T14:43:20.231847" level="INFO">Powinno byc na zielono</msg>
<arg>${log_message}</arg>
<doc>Logs the given message with the given level.</doc>
<status status="PASS" start="2024-04-14T14:43:20.231847" elapsed="0.000000"/>
</kw>
<arg>Powinno byc na zielono</arg>
<status status="PASS" start="2024-04-14T14:43:20.231847" elapsed="0.000000"/>
</kw>
<arg>Log Info</arg>
<arg>Powinno byc na zielono</arg>
<doc>Runs the keyword and continues execution even if a failure occurs.</doc>
<status status="PASS" start="2024-04-14T14:43:20.231847" elapsed="0.000000"/>
</kw>
<msg time="2024-04-14T14:43:20.231847" level="INFO">Repeating keyword, round 4/5.</msg>
<kw name="Run Keyword And Continue On Failure" owner="BuiltIn">
<kw name="Log Info">
<kw name="Log" owner="BuiltIn">
<msg time="2024-04-14T14:43:20.231847" level="INFO">Powinno byc na zielono</msg>
<arg>${log_message}</arg>
<doc>Logs the given message with the given level.</doc>
<status status="PASS" start="2024-04-14T14:43:20.231847" elapsed="0.000000"/>
</kw>
<arg>Powinno byc na zielono</arg>
<status status="PASS" start="2024-04-14T14:43:20.231847" elapsed="0.000000"/>
</kw>
<arg>Log Info</arg>
<arg>Powinno byc na zielono</arg>
<doc>Runs the keyword and continues execution even if a failure occurs.</doc>
<status status="PASS" start="2024-04-14T14:43:20.231847" elapsed="0.000000"/>
</kw>
<msg time="2024-04-14T14:43:20.231847" level="INFO">Repeating keyword, round 5/5.</msg>
<kw name="Run Keyword And Continue On Failure" owner="BuiltIn">
<kw name="Log Info">
<kw name="Log" owner="BuiltIn">
<msg time="2024-04-14T14:43:20.232844" level="INFO">Powinno byc na zielono</msg>
<arg>${log_message}</arg>
<doc>Logs the given message with the given level.</doc>
<status status="PASS" start="2024-04-14T14:43:20.232844" elapsed="0.000000"/>
</kw>
<arg>Powinno byc na zielono</arg>
<status status="PASS" start="2024-04-14T14:43:20.232844" elapsed="0.000000"/>
</kw>
<arg>Log Info</arg>
<arg>Powinno byc na zielono</arg>
<doc>Runs the keyword and continues execution even if a failure occurs.</doc>
<status status="PASS" start="2024-04-14T14:43:20.231847" elapsed="0.000997"/>
</kw>
<arg>5 times</arg>
<arg>Run Keyword And Continue On Failure</arg>
<arg>Log Info</arg>
<arg>Powinno byc na zielono</arg>
<doc>Executes the specified keyword multiple times.</doc>
<status status="PASS" start="2024-04-14T14:43:20.230851" elapsed="0.001993"/>
</kw>
<status status="FAIL" start="2024-04-14T14:43:20.223346" elapsed="0.009498">Several failures occurred:

1) AssertionError

2) AssertionError

3) AssertionError

4) AssertionError

5) AssertionError

6) AssertionError</status>
</test>
<test id="s1-s1-s2-t5" name="Test z Run Keyword If" line="51">
<kw name="Set Variable" owner="BuiltIn">
<msg time="2024-04-14T14:43:20.233841" level="INFO">${EXPECTED} = robot</msg>
<var>${EXPECTED}</var>
<arg>robot</arg>
<doc>Returns the given values which can then be assigned to a variables.</doc>
<status status="PASS" start="2024-04-14T14:43:20.233841" elapsed="0.000000"/>
</kw>
<kw name="Run Keyword If" owner="BuiltIn">
<kw name="Log Info">
<kw name="Log" owner="BuiltIn">
<msg time="2024-04-14T14:43:20.234837" level="INFO">true is true</msg>
<arg>${log_message}</arg>
<doc>Logs the given message with the given level.</doc>
<status status="PASS" start="2024-04-14T14:43:20.234837" elapsed="0.000000"/>
</kw>
<arg>true is true</arg>
<status status="PASS" start="2024-04-14T14:43:20.233841" elapsed="0.000996"/>
</kw>
<arg>'true' == 'true'</arg>
<arg>Log Info</arg>
<arg>true is true</arg>
<doc>Runs the given keyword with the given arguments, if ``condition`` is true.</doc>
<status status="PASS" start="2024-04-14T14:43:20.233841" elapsed="0.000996"/>
</kw>
<kw name="Run Keyword If" owner="BuiltIn">
<kw name="Log Info">
<kw name="Log" owner="BuiltIn">
<msg time="2024-04-14T14:43:20.234837" level="INFO">to jest robot</msg>
<arg>${log_message}</arg>
<doc>Logs the given message with the given level.</doc>
<status status="PASS" start="2024-04-14T14:43:20.234837" elapsed="0.000000"/>
</kw>
<arg>to jest robot</arg>
<status status="PASS" start="2024-04-14T14:43:20.234837" elapsed="0.000000"/>
</kw>
<arg>'${EXPECTED}' == 'robot'</arg>
<arg>Log Info</arg>
<arg>to jest robot</arg>
<doc>Runs the given keyword with the given arguments, if ``condition`` is true.</doc>
<status status="PASS" start="2024-04-14T14:43:20.234837" elapsed="0.000000"/>
</kw>
<kw name="Run Keyword If" owner="BuiltIn">
<arg>'${EXPECTED}' != 'robot'</arg>
<arg>Log Info</arg>
<arg>to nie jest robot</arg>
<doc>Runs the given keyword with the given arguments, if ``condition`` is true.</doc>
<status status="PASS" start="2024-04-14T14:43:20.234837" elapsed="0.000000"/>
</kw>
<kw name="Run Keyword If Test Passed" owner="BuiltIn" type="TEARDOWN">
<kw name="Log Info">
<kw name="Log" owner="BuiltIn">
<msg time="2024-04-14T14:43:20.235834" level="INFO">wszystkie testy passed</msg>
<arg>${log_message}</arg>
<doc>Logs the given message with the given level.</doc>
<status status="PASS" start="2024-04-14T14:43:20.235834" elapsed="0.000000"/>
</kw>
<arg>wszystkie testy passed</arg>
<status status="PASS" start="2024-04-14T14:43:20.235834" elapsed="0.000000"/>
</kw>
<arg>Log Info</arg>
<arg>wszystkie testy passed</arg>
<doc>Runs the given keyword with the given arguments, if the test passed.</doc>
<status status="PASS" start="2024-04-14T14:43:20.235834" elapsed="0.000000"/>
</kw>
<doc>Potestujemy Run Keyword If w RF</doc>
<status status="PASS" start="2024-04-14T14:43:20.232844" elapsed="0.002990"/>
</test>
<test id="s1-s1-s2-t6" name="Test Skip i Skip If" line="59">
<kw name="Repeat Keyword" owner="BuiltIn">
<msg time="2024-04-14T14:43:20.235834" level="INFO">Repeating keyword, round 1/3.</msg>
<kw name="Log Info">
<kw name="Log" owner="BuiltIn">
<msg time="2024-04-14T14:43:20.235834" level="INFO">ten log bedzie 3 razy</msg>
<arg>${log_message}</arg>
<doc>Logs the given message with the given level.</doc>
<status status="PASS" start="2024-04-14T14:43:20.235834" elapsed="0.000000"/>
</kw>
<arg>ten log bedzie 3 razy</arg>
<status status="PASS" start="2024-04-14T14:43:20.235834" elapsed="0.000000"/>
</kw>
<msg time="2024-04-14T14:43:20.235834" level="INFO">Repeating keyword, round 2/3.</msg>
<kw name="Log Info">
<kw name="Log" owner="BuiltIn">
<msg time="2024-04-14T14:43:20.237185" level="INFO">ten log bedzie 3 razy</msg>
<arg>${log_message}</arg>
<doc>Logs the given message with the given level.</doc>
<status status="PASS" start="2024-04-14T14:43:20.237185" elapsed="0.000000"/>
</kw>
<arg>ten log bedzie 3 razy</arg>
<status status="PASS" start="2024-04-14T14:43:20.237185" elapsed="0.000000"/>
</kw>
<msg time="2024-04-14T14:43:20.237185" level="INFO">Repeating keyword, round 3/3.</msg>
<kw name="Log Info">
<kw name="Log" owner="BuiltIn">
<msg time="2024-04-14T14:43:20.237185" level="INFO">ten log bedzie 3 razy</msg>
<arg>${log_message}</arg>
<doc>Logs the given message with the given level.</doc>
<status status="PASS" start="2024-04-14T14:43:20.237185" elapsed="0.000000"/>
</kw>
<arg>ten log bedzie 3 razy</arg>
<status status="PASS" start="2024-04-14T14:43:20.237185" elapsed="0.000000"/>
</kw>
<arg>3 times</arg>
<arg>Log Info</arg>
<arg>ten log bedzie 3 razy</arg>
<doc>Executes the specified keyword multiple times.</doc>
<status status="PASS" start="2024-04-14T14:43:20.235834" elapsed="0.001351"/>
</kw>
<kw name="Skip If" owner="BuiltIn">
<msg time="2024-04-14T14:43:20.238181" level="SKIP">'robotframework' != 'robot'</msg>
<arg>'${EXPECTED}' != 'robot'</arg>
<doc>Skips the rest of the current test if the ``condition`` is True.</doc>
<status status="SKIP" start="2024-04-14T14:43:20.238181" elapsed="0.000000">'robotframework' != 'robot'</status>
</kw>
<kw name="Skip" owner="BuiltIn">
<doc>Skips the rest of the current test.</doc>
<status status="NOT RUN" start="2024-04-14T14:43:20.238181" elapsed="0.000000"/>
</kw>
<kw name="Repeat Keyword" owner="BuiltIn">
<arg>3 times</arg>
<arg>Log Info</arg>
<arg>ten log bedzie 3 razy</arg>
<doc>Executes the specified keyword multiple times.</doc>
<status status="NOT RUN" start="2024-04-14T14:43:20.238181" elapsed="0.000000"/>
</kw>
<kw name="Log Info" type="TEARDOWN">
<msg time="2024-04-14T14:43:20.238181" level="FAIL">Keyword 'Log Info' expected 1 argument, got 2.</msg>
<arg>to</arg>
<arg>zostanie wykonane nawet jak wczesniej byl Skip</arg>
<status status="FAIL" start="2024-04-14T14:43:20.238181" elapsed="0.000000">Keyword 'Log Info' expected 1 argument, got 2.</status>
</kw>
<doc>Potestujemy Skip</doc>
<status status="SKIP" start="2024-04-14T14:43:20.235834" elapsed="0.002347">'robotframework' != 'robot'

Also teardown failed:
Keyword 'Log Info' expected 1 argument, got 2.</status>
</test>
<test id="s1-s1-s2-t7" name="Test z weryfikatorami Should" line="67">
<kw name="Should Be Equal As Strings" owner="BuiltIn">
<arg>${EXPECTED}</arg>
<arg>robotframework</arg>
<doc>Fails if objects are unequal after converting them to strings.</doc>
<status status="PASS" start="2024-04-14T14:43:20.239177" elapsed="0.000000"/>
</kw>
<kw name="Should Be Equal" owner="BuiltIn">
<arg>${EXPECTED}</arg>
<arg>robotframework</arg>
<arg>ignore_case=True</arg>
<doc>Fails if the given objects are unequal.</doc>
<status status="PASS" start="2024-04-14T14:43:20.239177" elapsed="0.000000"/>
</kw>
<kw name="Run Keyword And Continue On Failure" owner="BuiltIn">
<kw name="Should Be Equal As Strings" owner="BuiltIn">
<msg time="2024-04-14T14:43:20.240176" level="FAIL">robotframework != Robotframework</msg>
<arg>${EXPECTED}</arg>
<arg>Robotframework</arg>
<doc>Fails if objects are unequal after converting them to strings.</doc>
<status status="FAIL" start="2024-04-14T14:43:20.240176" elapsed="0.000000">robotframework != Robotframework</status>
</kw>
<arg>Should Be Equal As Strings</arg>
<arg>${EXPECTED}</arg>
<arg>Robotframework</arg>
<doc>Runs the keyword and continues execution even if a failure occurs.</doc>
<status status="FAIL" start="2024-04-14T14:43:20.239177" elapsed="0.000999">robotframework != Robotframework</status>
</kw>
<kw name="Should Contain" owner="BuiltIn">
<arg>${TEXT}</arg>
<arg>ipsum</arg>
<doc>Fails if ``container`` does not contain ``item`` one or more times.</doc>
<status status="PASS" start="2024-04-14T14:43:20.240176" elapsed="0.000000"/>
</kw>
<kw name="Should Contain Any" owner="BuiltIn">
<arg>${TEXT}</arg>
<arg>ipsum</arg>
<arg>text</arg>
<doc>Fails if ``container`` does not contain any of the ``*items``.</doc>
<status status="PASS" start="2024-04-14T14:43:20.240176" elapsed="0.000000"/>
</kw>
<kw name="Should Contain Any" owner="BuiltIn">
<arg>${TEXT}</arg>
<arg>ipsum</arg>
<arg>robot</arg>
<doc>Fails if ``container`` does not contain any of the ``*items``.</doc>
<status status="PASS" start="2024-04-14T14:43:20.240176" elapsed="0.000000"/>
</kw>
<kw name="Should Start With" owner="BuiltIn">
<arg>${TEXT}</arg>
<arg>lorem</arg>
<doc>Fails if the string ``str1`` does not start with the string ``str2``.</doc>
<status status="PASS" start="2024-04-14T14:43:20.240176" elapsed="0.000000"/>
</kw>
<kw name="Should End With" owner="BuiltIn">
<arg>${TEXT}</arg>
<arg>plikacji</arg>
<doc>Fails if the string ``str1`` does not end with the string ``str2``.</doc>
<status status="PASS" start="2024-04-14T14:43:20.241171" elapsed="0.000000"/>
</kw>
<kw name="Should Not End With" owner="BuiltIn">
<arg>${TEXT}</arg>
<arg>ipsum</arg>
<doc>Fails if the string ``str1`` ends with the string ``str2``.</doc>
<status status="PASS" start="2024-04-14T14:43:20.241171" elapsed="0.000000"/>
</kw>
<kw name="Should Not Contain Any" owner="BuiltIn">
<arg>${TEXT}</arg>
<arg>robot</arg>
<arg>framework</arg>
<doc>Fails if ``container`` contains one or more of the ``*items``.</doc>
<status status="PASS" start="2024-04-14T14:43:20.241171" elapsed="0.000000"/>
</kw>
<kw name="Should Be Equal As Numbers" owner="BuiltIn">
<msg time="2024-04-14T14:43:20.241171" level="FAIL">10.0 != 10.1</msg>
<arg>10</arg>
<arg>10.1</arg>
<doc>Fails if objects are unequal after converting them to real numbers.</doc>
<status status="FAIL" start="2024-04-14T14:43:20.241171" elapsed="0.000000">10.0 != 10.1</status>
</kw>
<doc>Wariacje z Sould...</doc>
<status status="FAIL" start="2024-04-14T14:43:20.239177" elapsed="0.002991">Several failures occurred:

1) robotframework != Robotframework

2) 10.0 != 10.1</status>
</test>
<test id="s1-s1-s2-t8" name="Pobieranie Variable" line="82">
<kw name="Get Y">
<return>
<value>YyYyY</value>
<status status="PASS" start="2024-04-14T14:43:20.243165" elapsed="0.000000"/>
</return>
<msg time="2024-04-14T14:43:20.243165" level="INFO">${y} = YyYyY</msg>
<var>${y}</var>
<status status="PASS" start="2024-04-14T14:43:20.242168" elapsed="0.000997"/>
</kw>
<kw name="Log Info">
<kw name="Log" owner="BuiltIn">
<msg time="2024-04-14T14:43:20.243165" level="INFO">YyYyY</msg>
<arg>${log_message}</arg>
<doc>Logs the given message with the given level.</doc>
<status status="PASS" start="2024-04-14T14:43:20.243165" elapsed="0.000000"/>
</kw>
<arg>${y}</arg>
<status status="PASS" start="2024-04-14T14:43:20.243165" elapsed="0.000000"/>
</kw>
<status status="PASS" start="2024-04-14T14:43:20.242168" elapsed="0.000997"/>
</test>
<test id="s1-s1-s2-t9" name="Ustawienie Variable" line="86">
<kw name="Set Variable" owner="BuiltIn">
<msg time="2024-04-14T14:43:20.244161" level="INFO">${i} = jeden</msg>
<var>${i}</var>
<arg>jeden</arg>
<doc>Returns the given values which can then be assigned to a variables.</doc>
<status status="PASS" start="2024-04-14T14:43:20.244161" elapsed="0.000000"/>
</kw>
<kw name="Log Info">
<kw name="Log" owner="BuiltIn">
<msg time="2024-04-14T14:43:20.244161" level="INFO">1</msg>
<arg>${log_message}</arg>
<doc>Logs the given message with the given level.</doc>
<status status="PASS" start="2024-04-14T14:43:20.244161" elapsed="0.000000"/>
</kw>
<arg>${1}</arg>
<status status="PASS" start="2024-04-14T14:43:20.244161" elapsed="0.000000"/>
</kw>
<kw name="Set Variable If" owner="BuiltIn">
<msg time="2024-04-14T14:43:20.244161" level="INFO">${var} = nie zero</msg>
<var>${var}</var>
<arg>'${i}' == 'zero'</arg>
<arg>zero</arg>
<arg>nie zero</arg>
<doc>Sets variable based on the given condition.</doc>
<status status="PASS" start="2024-04-14T14:43:20.244161" elapsed="0.000000"/>
</kw>
<kw name="Log Info">
<kw name="Log" owner="BuiltIn">
<msg time="2024-04-14T14:43:20.245665" level="INFO">nie zero</msg>
<arg>${log_message}</arg>
<doc>Logs the given message with the given level.</doc>
<status status="PASS" start="2024-04-14T14:43:20.245665" elapsed="0.000000"/>
</kw>
<arg>${var}</arg>
<status status="PASS" start="2024-04-14T14:43:20.244161" elapsed="0.001504"/>
</kw>
<status status="PASS" start="2024-04-14T14:43:20.243165" elapsed="0.002500"/>
</test>
<test id="s1-s1-s2-t10" name="Start Index" line="92">
<kw name="Log Info">
<kw name="Log" owner="BuiltIn">
<msg time="2024-04-14T14:43:20.246179" level="INFO">ipsum tekst z aplikacji</msg>
<arg>${log_message}</arg>
<doc>Logs the given message with the given level.</doc>
<status status="PASS" start="2024-04-14T14:43:20.246179" elapsed="0.000000"/>
</kw>
<arg>${TEXT}[6:]</arg>
<status status="PASS" start="2024-04-14T14:43:20.246179" elapsed="0.000000"/>
</kw>
<status status="PASS" start="2024-04-14T14:43:20.246179" elapsed="0.000000"/>
</test>
<test id="s1-s1-s2-t11" name="End Index" line="95">
<kw name="Log Info ${TEXT}[:10]">
<msg time="2024-04-14T14:43:20.247187" level="FAIL">No keyword with name 'Log Info ${TEXT}[:10]' found. Did you try using keyword 'BuiltIn.Log' or 'Log Info' and forgot to use enough whitespace between keyword and arguments?</msg>
<status status="FAIL" start="2024-04-14T14:43:20.247187" elapsed="0.000000">No keyword with name 'Log Info ${TEXT}[:10]' found. Did you try using keyword 'BuiltIn.Log' or 'Log Info' and forgot to use enough whitespace between keyword and arguments?</status>
</kw>
<status status="FAIL" start="2024-04-14T14:43:20.247187" elapsed="0.000999">No keyword with name 'Log Info ${TEXT}[:10]' found. Did you try using keyword 'BuiltIn.Log' or 'Log Info' and forgot to use enough whitespace between keyword and arguments?</status>
</test>
<test id="s1-s1-s2-t12" name="Tworzenie list" line="98">
<kw name="Create List" owner="BuiltIn">
<msg time="2024-04-14T14:43:20.248186" level="INFO">@{lista} = [ pierwszy | drugi | trzeci ]</msg>
<var>@{lista}</var>
<arg>pierwszy</arg>
<arg>drugi</arg>
<arg>trzeci</arg>
<doc>Returns a list containing given items.</doc>
<status status="PASS" start="2024-04-14T14:43:20.248186" elapsed="0.000000"/>
</kw>
<kw name="Log Many" owner="BuiltIn">
<msg time="2024-04-14T14:43:20.248186" level="INFO">pierwszy</msg>
<msg time="2024-04-14T14:43:20.248186" level="INFO">drugi</msg>
<msg time="2024-04-14T14:43:20.248186" level="INFO">trzeci</msg>
<arg>@{lista}</arg>
<doc>Logs the given messages as separate entries using the INFO level.</doc>
<status status="PASS" start="2024-04-14T14:43:20.248186" elapsed="0.000000"/>
</kw>
<kw name="Log Info">
<kw name="Log" owner="BuiltIn">
<msg time="2024-04-14T14:43:20.249183" level="INFO">['pierwszy', 'drugi', 'trzeci']</msg>
<arg>${log_message}</arg>
<doc>Logs the given message with the given level.</doc>
<status status="PASS" start="2024-04-14T14:43:20.249183" elapsed="0.000000"/>
</kw>
<arg>${lista}</arg>
<status status="PASS" start="2024-04-14T14:43:20.248186" elapsed="0.000997"/>
</kw>
<kw name="Log Info">
<kw name="Log" owner="BuiltIn">
<msg time="2024-04-14T14:43:20.249183" level="INFO">pierwszy</msg>
<arg>${log_message}</arg>
<doc>Logs the given message with the given level.</doc>
<status status="PASS" start="2024-04-14T14:43:20.249183" elapsed="0.000000"/>
</kw>
<arg>${lista}[0]</arg>
<status status="PASS" start="2024-04-14T14:43:20.249183" elapsed="0.000000"/>
</kw>
<kw name="Log Info">
<kw name="Log" owner="BuiltIn">
<msg time="2024-04-14T14:43:20.249183" level="INFO">['pierwszy', 'drugi']</msg>
<arg>${log_message}</arg>
<doc>Logs the given message with the given level.</doc>
<status status="PASS" start="2024-04-14T14:43:20.249183" elapsed="0.000000"/>
</kw>
<arg>${lista}[0:2]</arg>
<status status="PASS" start="2024-04-14T14:43:20.249183" elapsed="0.000997"/>
</kw>
<kw name="Length Should Be" owner="BuiltIn">
<msg time="2024-04-14T14:43:20.250180" level="INFO">Length is 3.</msg>
<arg>${lista}</arg>
<arg>3</arg>
<doc>Verifies that the length of the given item is correct.</doc>
<status status="PASS" start="2024-04-14T14:43:20.250180" elapsed="0.000000"/>
</kw>
<kw name="Length Should Be" owner="BuiltIn">
<msg time="2024-04-14T14:43:20.250180" level="INFO">Length is 3.</msg>
<msg time="2024-04-14T14:43:20.250180" level="FAIL">Length of '['pierwszy', 'drugi', 'trzeci']' should be 4 but is 3.</msg>
<arg>${lista}</arg>
<arg>4</arg>
<doc>Verifies that the length of the given item is correct.</doc>
<status status="FAIL" start="2024-04-14T14:43:20.250180" elapsed="0.000000">Length of '['pierwszy', 'drugi', 'trzeci']' should be 4 but is 3.</status>
</kw>
<status status="FAIL" start="2024-04-14T14:43:20.248186" elapsed="0.001994">Length of '['pierwszy', 'drugi', 'trzeci']' should be 4 but is 3.</status>
</test>
<test id="s1-s1-s2-t13" name="Tworzenie Dictionary" line="108">
<kw name="Create Dictionary" owner="BuiltIn">
<msg time="2024-04-14T14:43:20.251176" level="INFO">&amp;{dict} = { pierwszy=1 | drugi=2 | trzeci=3 }</msg>
<var>&amp;{dict}</var>
<arg>pierwszy=1</arg>
<arg>drugi=2</arg>
<arg>trzeci=3</arg>
<doc>Creates and returns a dictionary based on the given ``items``.</doc>
<status status="PASS" start="2024-04-14T14:43:20.251176" elapsed="0.000000"/>
</kw>
<kw name="Log Many" owner="BuiltIn">
<msg time="2024-04-14T14:43:20.251176" level="INFO">pierwszy=1</msg>
<msg time="2024-04-14T14:43:20.251176" level="INFO">drugi=2</msg>
<msg time="2024-04-14T14:43:20.251176" level="INFO">trzeci=3</msg>
<arg>&amp;{dict}</arg>
<doc>Logs the given messages as separate entries using the INFO level.</doc>
<status status="PASS" start="2024-04-14T14:43:20.251176" elapsed="0.000000"/>
</kw>
<kw name="Log Info">
<kw name="Log" owner="BuiltIn">
<msg time="2024-04-14T14:43:20.251176" level="INFO">2</msg>
<arg>${log_message}</arg>
<doc>Logs the given message with the given level.</doc>
<status status="PASS" start="2024-04-14T14:43:20.251176" elapsed="0.000997"/>
</kw>
<arg>${dict.drugi}</arg>
<status status="PASS" start="2024-04-14T14:43:20.251176" elapsed="0.000997"/>
</kw>
<kw name="Length Should Be" owner="BuiltIn">
<msg time="2024-04-14T14:43:20.252173" level="INFO">Length is 3.</msg>
<arg>${dict}</arg>
<arg>3</arg>
<doc>Verifies that the length of the given item is correct.</doc>
<status status="PASS" start="2024-04-14T14:43:20.252173" elapsed="0.000000"/>
</kw>
<status status="PASS" start="2024-04-14T14:43:20.250180" elapsed="0.001993"/>
</test>
<doc>Testy dzień 2 Robot</doc>
<status status="FAIL" start="2024-04-14T14:43:10.191110" elapsed="10.061063"/>
</suite>
<status status="FAIL" start="2024-04-14T14:43:10.182608" elapsed="10.070561"/>
</suite>
<suite id="s1-s2" name="TestSuiteB" source="C:\Users\pc\PychRobot\pythonProject\GlobalTestSuite\TestSuiteB">
<suite id="s1-s2-s1" name="TestSuite1" source="C:\Users\pc\PychRobot\pythonProject\GlobalTestSuite\TestSuiteB\TestSuite1.robot">
<test id="s1-s2-s1-t1" name="Pierwszy test" line="8">
<kw name="Log" owner="BuiltIn">
<msg time="2024-04-14T14:43:20.257579" level="INFO">Hej! To jest pierwszy test!</msg>
<arg>Hej! To jest pierwszy test!</arg>
<doc>Logs the given message with the given level.</doc>
<status status="PASS" start="2024-04-14T14:43:20.257579" elapsed="0.000000"/>
</kw>
<status status="PASS" start="2024-04-14T14:43:20.256161" elapsed="0.001418"/>
</test>
<test id="s1-s2-s1-t2" name="Drugi test" line="11">
<kw name="Log" owner="BuiltIn">
<msg time="2024-04-14T14:43:20.258575" level="INFO">Kolejny test</msg>
<arg>Kolejny test</arg>
<doc>Logs the given message with the given level.</doc>
<status status="PASS" start="2024-04-14T14:43:20.258575" elapsed="0.000000"/>
</kw>
<kw name="Fail" owner="BuiltIn">
<msg time="2024-04-14T14:43:20.258575" level="FAIL">Mamy buga</msg>
<arg>Mamy buga</arg>
<doc>Fails the test with the given message and optionally alters its tags.</doc>
<status status="FAIL" start="2024-04-14T14:43:20.258575" elapsed="0.000000">Mamy buga</status>
</kw>
<doc>Dokumentacja drugiego testu</doc>
<status status="FAIL" start="2024-04-14T14:43:20.257579" elapsed="0.000996">Mamy buga</status>
</test>
<test id="s1-s2-s1-t3" name="Trzeci test" line="16">
<kw name="Log" owner="BuiltIn">
<msg time="2024-04-14T14:43:20.259572" level="INFO">Text loggera</msg>
<arg>${LOG_TEXT}</arg>
<doc>Logs the given message with the given level.</doc>
<status status="PASS" start="2024-04-14T14:43:20.259572" elapsed="0.000000"/>
</kw>
<status status="PASS" start="2024-04-14T14:43:20.259572" elapsed="0.000000"/>
</test>
<doc>Pierwsze testy w Robot Framework</doc>
<status status="FAIL" start="2024-04-14T14:43:20.255163" elapsed="0.005406"/>
</suite>
<suite id="s1-s2-s2" name="TestSuite2" source="C:\Users\pc\PychRobot\pythonProject\GlobalTestSuite\TestSuiteB\TestSuite2.robot">
<test id="s1-s2-s2-t1" name="Test o logowaniu INFO" line="31">
<kw name="Log Info">
<kw name="Log" owner="BuiltIn">
<msg time="2024-04-14T14:43:20.263559" level="INFO">wiadomość INFO</msg>
<arg>${log_message}</arg>
<doc>Logs the given message with the given level.</doc>
<status status="PASS" start="2024-04-14T14:43:20.263559" elapsed="0.000000"/>
</kw>
<arg>wiadomość INFO</arg>
<status status="PASS" start="2024-04-14T14:43:20.263559" elapsed="0.000000"/>
</kw>
<doc>Logowanie na poziomie INFO</doc>
<status status="PASS" start="2024-04-14T14:43:20.262563" elapsed="0.000996"/>
</test>
<test id="s1-s2-s2-t2" name="Test o logowaniu Warning" line="35">
<kw name="Log Warning">
<kw name="Log" owner="BuiltIn">
<msg time="2024-04-14T14:43:20.264556" level="WARN">wiadomość WARN</msg>
<arg>${log_message}</arg>
<arg>WARN</arg>
<doc>Logs the given message with the given level.</doc>
<status status="PASS" start="2024-04-14T14:43:20.264556" elapsed="0.000000"/>
</kw>
<arg>wiadomość WARN</arg>
<status status="PASS" start="2024-04-14T14:43:20.264556" elapsed="0.000000"/>
</kw>
<doc>Logowanie na poziomi WARNING</doc>
<status status="PASS" start="2024-04-14T14:43:20.264556" elapsed="0.000000"/>
</test>
<test id="s1-s2-s2-t3" name="Test z Repeat Keyword" line="39">
<kw name="Repeat Keyword" owner="BuiltIn">
<msg time="2024-04-14T14:43:20.264556" level="INFO">Repeating keyword, round 1/3.</msg>
<kw name="Log Info">
<kw name="Log" owner="BuiltIn">
<msg time="2024-04-14T14:43:20.266058" level="INFO">ten log wtkona sie 3 razy</msg>
<arg>${log_message}</arg>
<doc>Logs the given message with the given level.</doc>
<status status="PASS" start="2024-04-14T14:43:20.266058" elapsed="0.000000"/>
</kw>
<arg>ten log wtkona sie 3 razy</arg>
<status status="PASS" start="2024-04-14T14:43:20.264556" elapsed="0.001502"/>
</kw>
<msg time="2024-04-14T14:43:20.266058" level="INFO">Repeating keyword, round 2/3.</msg>
<kw name="Log Info">
<kw name="Log" owner="BuiltIn">
<msg time="2024-04-14T14:43:20.266058" level="INFO">ten log wtkona sie 3 razy</msg>
<arg>${log_message}</arg>
<doc>Logs the given message with the given level.</doc>
<status status="PASS" start="2024-04-14T14:43:20.266058" elapsed="0.000000"/>
</kw>
<arg>ten log wtkona sie 3 razy</arg>
<status status="PASS" start="2024-04-14T14:43:20.266058" elapsed="0.000000"/>
</kw>
<msg time="2024-04-14T14:43:20.266058" level="INFO">Repeating keyword, round 3/3.</msg>
<kw name="Log Info">
<kw name="Log" owner="BuiltIn">
<msg time="2024-04-14T14:43:20.266058" level="INFO">ten log wtkona sie 3 razy</msg>
<arg>${log_message}</arg>
<doc>Logs the given message with the given level.</doc>
<status status="PASS" start="2024-04-14T14:43:20.266058" elapsed="0.000000"/>
</kw>
<arg>ten log wtkona sie 3 razy</arg>
<status status="PASS" start="2024-04-14T14:43:20.266058" elapsed="0.000000"/>
</kw>
<arg>3 times</arg>
<arg>Log Info</arg>
<arg>ten log wtkona sie 3 razy</arg>
<doc>Executes the specified keyword multiple times.</doc>
<status status="PASS" start="2024-04-14T14:43:20.264556" elapsed="0.001502"/>
</kw>
<kw name="Repeat Keyword" owner="BuiltIn">
<msg time="2024-04-14T14:43:20.267066" level="INFO">Repeating keyword, round 1/60.</msg>
<kw name="Log Info">
<kw name="Log" owner="BuiltIn">
<msg time="2024-04-14T14:43:20.267066" level="INFO">ten log bedzie 60 razy</msg>
<arg>${log_message}</arg>
<doc>Logs the given message with the given level.</doc>
<status status="PASS" start="2024-04-14T14:43:20.267066" elapsed="0.000000"/>
</kw>
<arg>ten log bedzie 60 razy</arg>
<status status="PASS" start="2024-04-14T14:43:20.267066" elapsed="0.000000"/>
</kw>
<msg time="2024-04-14T14:43:20.267066" level="INFO">Repeating keyword, round 2/60.</msg>
<kw name="Log Info">
<kw name="Log" owner="BuiltIn">
<msg time="2024-04-14T14:43:20.267066" level="INFO">ten log bedzie 60 razy</msg>
<arg>${log_message}</arg>
<doc>Logs the given message with the given level.</doc>
<status status="PASS" start="2024-04-14T14:43:20.267066" elapsed="0.000000"/>
</kw>
<arg>ten log bedzie 60 razy</arg>
<status status="PASS" start="2024-04-14T14:43:20.267066" elapsed="0.000000"/>
</kw>
<msg time="2024-04-14T14:43:20.267066" level="INFO">Repeating keyword, round 3/60.</msg>
<kw name="Log Info">
<kw name="Log" owner="BuiltIn">
<msg time="2024-04-14T14:43:20.268065" level="INFO">ten log bedzie 60 razy</msg>
<arg>${log_message}</arg>
<doc>Logs the given message with the given level.</doc>
<status status="PASS" start="2024-04-14T14:43:20.267066" elapsed="0.000999"/>
</kw>
<arg>ten log bedzie 60 razy</arg>
<status status="PASS" start="2024-04-14T14:43:20.267066" elapsed="0.000999"/>
</kw>
<msg time="2024-04-14T14:43:20.268065" level="INFO">Repeating keyword, round 4/60.</msg>
<kw name="Log Info">
<kw name="Log" owner="BuiltIn">
<msg time="2024-04-14T14:43:20.268065" level="INFO">ten log bedzie 60 razy</msg>
<arg>${log_message}</arg>
<doc>Logs the given message with the given level.</doc>
<status status="PASS" start="2024-04-14T14:43:20.268065" elapsed="0.000000"/>
</kw>
<arg>ten log bedzie 60 razy</arg>
<status status="PASS" start="2024-04-14T14:43:20.268065" elapsed="0.000000"/>
</kw>
<msg time="2024-04-14T14:43:20.268065" level="INFO">Repeating keyword, round 5/60.</msg>
<kw name="Log Info">
<kw name="Log" owner="BuiltIn">
<msg time="2024-04-14T14:43:20.268065" level="INFO">ten log bedzie 60 razy</msg>
<arg>${log_message}</arg>
<doc>Logs the given message with the given level.</doc>
<status status="PASS" start="2024-04-14T14:43:20.268065" elapsed="0.000000"/>
</kw>
<arg>ten log bedzie 60 razy</arg>
<status status="PASS" start="2024-04-14T14:43:20.268065" elapsed="0.000000"/>
</kw>
<msg time="2024-04-14T14:43:20.268065" level="INFO">Repeating keyword, round 6/60.</msg>
<kw name="Log Info">
<kw name="Log" owner="BuiltIn">
<msg time="2024-04-14T14:43:20.268065" level="INFO">ten log bedzie 60 razy</msg>
<arg>${log_message}</arg>
<doc>Logs the given message with the given level.</doc>
<status status="PASS" start="2024-04-14T14:43:20.268065" elapsed="0.000000"/>
</kw>
<arg>ten log bedzie 60 razy</arg>
<status status="PASS" start="2024-04-14T14:43:20.268065" elapsed="0.000000"/>
</kw>
<msg time="2024-04-14T14:43:20.268065" level="INFO">Repeating keyword, round 7/60.</msg>
<kw name="Log Info">
<kw name="Log" owner="BuiltIn">
<msg time="2024-04-14T14:43:20.269061" level="INFO">ten log bedzie 60 razy</msg>
<arg>${log_message}</arg>
<doc>Logs the given message with the given level.</doc>
<status status="PASS" start="2024-04-14T14:43:20.269061" elapsed="0.000000"/>
</kw>
<arg>ten log bedzie 60 razy</arg>
<status status="PASS" start="2024-04-14T14:43:20.268065" elapsed="0.000996"/>
</kw>
<msg time="2024-04-14T14:43:20.269061" level="INFO">Repeating keyword, round 8/60.</msg>
<kw name="Log Info">
<kw name="Log" owner="BuiltIn">
<msg time="2024-04-14T14:43:20.269061" level="INFO">ten log bedzie 60 razy</msg>
<arg>${log_message}</arg>
<doc>Logs the given message with the given level.</doc>
<status status="PASS" start="2024-04-14T14:43:20.269061" elapsed="0.000000"/>
</kw>
<arg>ten log bedzie 60 razy</arg>
<status status="PASS" start="2024-04-14T14:43:20.269061" elapsed="0.000000"/>
</kw>
<msg time="2024-04-14T14:43:20.269061" level="INFO">Repeating keyword, round 9/60.</msg>
<kw name="Log Info">
<kw name="Log" owner="BuiltIn">
<msg time="2024-04-14T14:43:20.269061" level="INFO">ten log bedzie 60 razy</msg>
<arg>${log_message}</arg>
[...]
<status status="PASS" start="2024-04-14T14:43:40.360546" elapsed="0.000000"/>
</kw>
<arg>'true' == 'true'</arg>
<arg>Log Info</arg>
<arg>true is true</arg>
<doc>Runs the given keyword with the given arguments, if ``condition`` is true.</doc>
<status status="PASS" start="2024-04-14T14:43:40.360546" elapsed="0.000000"/>
</kw>
<kw name="Run Keyword If" owner="BuiltIn">
<kw name="Log Info">
<kw name="Log" owner="BuiltIn">
<msg time="2024-04-14T14:43:40.361543" level="INFO">to jest robot</msg>
<arg>${log_message}</arg>
<doc>Logs the given message with the given level.</doc>
<status status="PASS" start="2024-04-14T14:43:40.361543" elapsed="0.000000"/>
</kw>
<arg>to jest robot</arg>
<status status="PASS" start="2024-04-14T14:43:40.361543" elapsed="0.000000"/>
</kw>
<arg>'${EXPECTED}' == 'robot'</arg>
<arg>Log Info</arg>
<arg>to jest robot</arg>
<doc>Runs the given keyword with the given arguments, if ``condition`` is true.</doc>
<status status="PASS" start="2024-04-14T14:43:40.360546" elapsed="0.000997"/>
</kw>
<kw name="Run Keyword If" owner="BuiltIn">
<arg>'${EXPECTED}' != 'robot'</arg>
<arg>Log Info</arg>
<arg>to nie jest robot</arg>
<doc>Runs the given keyword with the given arguments, if ``condition`` is true.</doc>
<status status="PASS" start="2024-04-14T14:43:40.361543" elapsed="0.000000"/>
</kw>
<kw name="Run Keyword If Test Passed" owner="BuiltIn" type="TEARDOWN">
<kw name="Log Info">
<kw name="Log" owner="BuiltIn">
<msg time="2024-04-14T14:43:40.361543" level="INFO">wszystkie testy passed</msg>
<arg>${log_message}</arg>
<doc>Logs the given message with the given level.</doc>
<status status="PASS" start="2024-04-14T14:43:40.361543" elapsed="0.000000"/>
</kw>
<arg>wszystkie testy passed</arg>
<status status="PASS" start="2024-04-14T14:43:40.361543" elapsed="0.000000"/>
</kw>
<arg>Log Info</arg>
<arg>wszystkie testy passed</arg>
<doc>Runs the given keyword with the given arguments, if the test passed.</doc>
<status status="PASS" start="2024-04-14T14:43:40.361543" elapsed="0.000000"/>
</kw>
<doc>Potestujemy Run Keyword If w RF</doc>
<status status="PASS" start="2024-04-14T14:43:40.360546" elapsed="0.001993"/>
</test>
<test id="s1-s2-s3-s2-t6" name="Test Skip i Skip If" line="59">
<kw name="Repeat Keyword" owner="BuiltIn">
<msg time="2024-04-14T14:43:40.362539" level="INFO">Repeating keyword, round 1/3.</msg>
<kw name="Log Info">
<kw name="Log" owner="BuiltIn">
<msg time="2024-04-14T14:43:40.363537" level="INFO">ten log bedzie 3 razy</msg>
<arg>${log_message}</arg>
<doc>Logs the given message with the given level.</doc>
<status status="PASS" start="2024-04-14T14:43:40.363537" elapsed="0.000000"/>
</kw>
<arg>ten log bedzie 3 razy</arg>
<status status="PASS" start="2024-04-14T14:43:40.362539" elapsed="0.000998"/>
</kw>
<msg time="2024-04-14T14:43:40.363537" level="INFO">Repeating keyword, round 2/3.</msg>
<kw name="Log Info">
<kw name="Log" owner="BuiltIn">
<msg time="2024-04-14T14:43:40.363537" level="INFO">ten log bedzie 3 razy</msg>
<arg>${log_message}</arg>
<doc>Logs the given message with the given level.</doc>
<status status="PASS" start="2024-04-14T14:43:40.363537" elapsed="0.000000"/>
</kw>
<arg>ten log bedzie 3 razy</arg>
<status status="PASS" start="2024-04-14T14:43:40.363537" elapsed="0.000000"/>
</kw>
<msg time="2024-04-14T14:43:40.363537" level="INFO">Repeating keyword, round 3/3.</msg>
<kw name="Log Info">
<kw name="Log" owner="BuiltIn">
<msg time="2024-04-14T14:43:40.363537" level="INFO">ten log bedzie 3 razy</msg>
<arg>${log_message}</arg>
<doc>Logs the given message with the given level.</doc>
<status status="PASS" start="2024-04-14T14:43:40.363537" elapsed="0.000000"/>
</kw>
<arg>ten log bedzie 3 razy</arg>
<status status="PASS" start="2024-04-14T14:43:40.363537" elapsed="0.000000"/>
</kw>
<arg>3 times</arg>
<arg>Log Info</arg>
<arg>ten log bedzie 3 razy</arg>
<doc>Executes the specified keyword multiple times.</doc>
<status status="PASS" start="2024-04-14T14:43:40.362539" elapsed="0.000998"/>
</kw>
<kw name="Skip If" owner="BuiltIn">
<msg time="2024-04-14T14:43:40.364532" level="SKIP">'robotframework' != 'robot'</msg>
<arg>'${EXPECTED}' != 'robot'</arg>
<doc>Skips the rest of the current test if the ``condition`` is True.</doc>
<status status="SKIP" start="2024-04-14T14:43:40.364532" elapsed="0.000000">'robotframework' != 'robot'</status>
</kw>
<kw name="Skip" owner="BuiltIn">
<doc>Skips the rest of the current test.</doc>
<status status="NOT RUN" start="2024-04-14T14:43:40.364532" elapsed="0.000000"/>
</kw>
<kw name="Repeat Keyword" owner="BuiltIn">
<arg>3 times</arg>
<arg>Log Info</arg>
<arg>ten log bedzie 3 razy</arg>
<doc>Executes the specified keyword multiple times.</doc>
<status status="NOT RUN" start="2024-04-14T14:43:40.364532" elapsed="0.000000"/>
</kw>
<kw name="Log Info" type="TEARDOWN">
<msg time="2024-04-14T14:43:40.364532" level="FAIL">Keyword 'Log Info' expected 1 argument, got 2.</msg>
<arg>to</arg>
<arg>zostanie wykonane nawet jak wczesniej byl Skip</arg>
<status status="FAIL" start="2024-04-14T14:43:40.364532" elapsed="0.000000">Keyword 'Log Info' expected 1 argument, got 2.</status>
</kw>
<doc>Potestujemy Skip</doc>
<status status="SKIP" start="2024-04-14T14:43:40.362539" elapsed="0.001993">'robotframework' != 'robot'

Also teardown failed:
Keyword 'Log Info' expected 1 argument, got 2.</status>
</test>
<test id="s1-s2-s3-s2-t7" name="Test z weryfikatorami Should" line="67">
<kw name="Should Be Equal As Strings" owner="BuiltIn">
<arg>${EXPECTED}</arg>
<arg>robotframework</arg>
<doc>Fails if objects are unequal after converting them to strings.</doc>
<status status="PASS" start="2024-04-14T14:43:40.366036" elapsed="0.000000"/>
</kw>
<kw name="Should Be Equal" owner="BuiltIn">
<arg>${EXPECTED}</arg>
<arg>robotframework</arg>
<arg>ignore_case=True</arg>
<doc>Fails if the given objects are unequal.</doc>
<status status="PASS" start="2024-04-14T14:43:40.366036" elapsed="0.000000"/>
</kw>
<kw name="Run Keyword And Continue On Failure" owner="BuiltIn">
<kw name="Should Be Equal As Strings" owner="BuiltIn">
<msg time="2024-04-14T14:43:40.367044" level="FAIL">robotframework != Robotframework</msg>
<arg>${EXPECTED}</arg>
<arg>Robotframework</arg>
<doc>Fails if objects are unequal after converting them to strings.</doc>
<status status="FAIL" start="2024-04-14T14:43:40.367044" elapsed="0.000000">robotframework != Robotframework</status>
</kw>
<arg>Should Be Equal As Strings</arg>
<arg>${EXPECTED}</arg>
<arg>Robotframework</arg>
<doc>Runs the keyword and continues execution even if a failure occurs.</doc>
<status status="FAIL" start="2024-04-14T14:43:40.366036" elapsed="0.001008">robotframework != Robotframework</status>
</kw>
<kw name="Should Contain" owner="BuiltIn">
<arg>${TEXT}</arg>
<arg>ipsum</arg>
<doc>Fails if ``container`` does not contain ``item`` one or more times.</doc>
<status status="PASS" start="2024-04-14T14:43:40.367044" elapsed="0.000000"/>
</kw>
<kw name="Should Contain Any" owner="BuiltIn">
<arg>${TEXT}</arg>
<arg>ipsum</arg>
<arg>text</arg>
<doc>Fails if ``container`` does not contain any of the ``*items``.</doc>
<status status="PASS" start="2024-04-14T14:43:40.367044" elapsed="0.000000"/>
</kw>
<kw name="Should Contain Any" owner="BuiltIn">
<arg>${TEXT}</arg>
<arg>ipsum</arg>
<arg>robot</arg>
<doc>Fails if ``container`` does not contain any of the ``*items``.</doc>
<status status="PASS" start="2024-04-14T14:43:40.367044" elapsed="0.000000"/>
</kw>
<kw name="Should Start With" owner="BuiltIn">
<arg>${TEXT}</arg>
<arg>lorem</arg>
<doc>Fails if the string ``str1`` does not start with the string ``str2``.</doc>
<status status="PASS" start="2024-04-14T14:43:40.368043" elapsed="0.000000"/>
</kw>
<kw name="Should End With" owner="BuiltIn">
<arg>${TEXT}</arg>
<arg>plikacji</arg>
<doc>Fails if the string ``str1`` does not end with the string ``str2``.</doc>
<status status="PASS" start="2024-04-14T14:43:40.368043" elapsed="0.000000"/>
</kw>
<kw name="Should Not End With" owner="BuiltIn">
<arg>${TEXT}</arg>
<arg>ipsum</arg>
<doc>Fails if the string ``str1`` ends with the string ``str2``.</doc>
<status status="PASS" start="2024-04-14T14:43:40.368043" elapsed="0.000000"/>
</kw>
<kw name="Should Not Contain Any" owner="BuiltIn">
<arg>${TEXT}</arg>
<arg>robot</arg>
<arg>framework</arg>
<doc>Fails if ``container`` contains one or more of the ``*items``.</doc>
<status status="PASS" start="2024-04-14T14:43:40.368043" elapsed="0.000000"/>
</kw>
<kw name="Should Be Equal As Numbers" owner="BuiltIn">
<msg time="2024-04-14T14:43:40.368043" level="FAIL">10.0 != 10.1</msg>
<arg>10</arg>
<arg>10.1</arg>
<doc>Fails if objects are unequal after converting them to real numbers.</doc>
<status status="FAIL" start="2024-04-14T14:43:40.368043" elapsed="0.000000">10.0 != 10.1</status>
</kw>
<doc>Wariacje z Sould...</doc>
<status status="FAIL" start="2024-04-14T14:43:40.366036" elapsed="0.002007">Several failures occurred:

1) robotframework != Robotframework

2) 10.0 != 10.1</status>
</test>
<test id="s1-s2-s3-s2-t8" name="Pobieranie Variable" line="82">
<kw name="Get Y">
<return>
<value>YyYyY</value>
<status status="PASS" start="2024-04-14T14:43:40.369039" elapsed="0.000000"/>
</return>
<msg time="2024-04-14T14:43:40.369039" level="INFO">${y} = YyYyY</msg>
<var>${y}</var>
<status status="PASS" start="2024-04-14T14:43:40.369039" elapsed="0.000000"/>
</kw>
<kw name="Log Info">
<kw name="Log" owner="BuiltIn">
<msg time="2024-04-14T14:43:40.370037" level="INFO">YyYyY</msg>
<arg>${log_message}</arg>
<doc>Logs the given message with the given level.</doc>
<status status="PASS" start="2024-04-14T14:43:40.369039" elapsed="0.000998"/>
</kw>
<arg>${y}</arg>
<status status="PASS" start="2024-04-14T14:43:40.369039" elapsed="0.000998"/>
</kw>
<status status="PASS" start="2024-04-14T14:43:40.369039" elapsed="0.000998"/>
</test>
<test id="s1-s2-s3-s2-t9" name="Ustawienie Variable" line="86">
<kw name="Set Variable" owner="BuiltIn">
<msg time="2024-04-14T14:43:40.370037" level="INFO">${i} = jeden</msg>
<var>${i}</var>
<arg>jeden</arg>
<doc>Returns the given values which can then be assigned to a variables.</doc>
<status status="PASS" start="2024-04-14T14:43:40.370037" elapsed="0.000000"/>
</kw>
<kw name="Log Info">
<kw name="Log" owner="BuiltIn">
<msg time="2024-04-14T14:43:40.371033" level="INFO">1</msg>
<arg>${log_message}</arg>
<doc>Logs the given message with the given level.</doc>
<status status="PASS" start="2024-04-14T14:43:40.371033" elapsed="0.000000"/>
</kw>
<arg>${1}</arg>
<status status="PASS" start="2024-04-14T14:43:40.370037" elapsed="0.000996"/>
</kw>
<kw name="Set Variable If" owner="BuiltIn">
<msg time="2024-04-14T14:43:40.371033" level="INFO">${var} = nie zero</msg>
<var>${var}</var>
<arg>'${i}' == 'zero'</arg>
<arg>zero</arg>
<arg>nie zero</arg>
<doc>Sets variable based on the given condition.</doc>
<status status="PASS" start="2024-04-14T14:43:40.371033" elapsed="0.000000"/>
</kw>
<kw name="Log Info">
<kw name="Log" owner="BuiltIn">
<msg time="2024-04-14T14:43:40.371033" level="INFO">nie zero</msg>
<arg>${log_message}</arg>
<doc>Logs the given message with the given level.</doc>
<status status="PASS" start="2024-04-14T14:43:40.371033" elapsed="0.000000"/>
</kw>
<arg>${var}</arg>
<status status="PASS" start="2024-04-14T14:43:40.371033" elapsed="0.000000"/>
</kw>
<status status="PASS" start="2024-04-14T14:43:40.370037" elapsed="0.001993"/>
</test>
<test id="s1-s2-s3-s2-t10" name="Start Index" line="92">
<kw name="Log Info">
<kw name="Log" owner="BuiltIn">
<msg time="2024-04-14T14:43:40.372030" level="INFO">ipsum tekst z aplikacji</msg>
<arg>${log_message}</arg>
<doc>Logs the given message with the given level.</doc>
<status status="PASS" start="2024-04-14T14:43:40.372030" elapsed="0.000000"/>
</kw>
<arg>${TEXT}[6:]</arg>
<status status="PASS" start="2024-04-14T14:43:40.372030" elapsed="0.000000"/>
</kw>
<status status="PASS" start="2024-04-14T14:43:40.372030" elapsed="0.000000"/>
</test>
<test id="s1-s2-s3-s2-t11" name="End Index" line="95">
<kw name="Log Info ${TEXT}[:10]">
<msg time="2024-04-14T14:43:40.373026" level="FAIL">No keyword with name 'Log Info ${TEXT}[:10]' found. Did you try using keyword 'BuiltIn.Log' or 'Log Info' and forgot to use enough whitespace between keyword and arguments?</msg>
<status status="FAIL" start="2024-04-14T14:43:40.373026" elapsed="0.000000">No keyword with name 'Log Info ${TEXT}[:10]' found. Did you try using keyword 'BuiltIn.Log' or 'Log Info' and forgot to use enough whitespace between keyword and arguments?</status>
</kw>
<status status="FAIL" start="2024-04-14T14:43:40.373026" elapsed="0.000997">No keyword with name 'Log Info ${TEXT}[:10]' found. Did you try using keyword 'BuiltIn.Log' or 'Log Info' and forgot to use enough whitespace between keyword and arguments?</status>
</test>
<test id="s1-s2-s3-s2-t12" name="Tworzenie list" line="98">
<kw name="Create List" owner="BuiltIn">
<msg time="2024-04-14T14:43:40.374023" level="INFO">@{lista} = [ pierwszy | drugi | trzeci ]</msg>
<var>@{lista}</var>
<arg>pierwszy</arg>
<arg>drugi</arg>
<arg>trzeci</arg>
<doc>Returns a list containing given items.</doc>
<status status="PASS" start="2024-04-14T14:43:40.374023" elapsed="0.000000"/>
</kw>
<kw name="Log Many" owner="BuiltIn">
<msg time="2024-04-14T14:43:40.374023" level="INFO">pierwszy</msg>
<msg time="2024-04-14T14:43:40.374023" level="INFO">drugi</msg>
<msg time="2024-04-14T14:43:40.374023" level="INFO">trzeci</msg>
<arg>@{lista}</arg>
<doc>Logs the given messages as separate entries using the INFO level.</doc>
<status status="PASS" start="2024-04-14T14:43:40.374023" elapsed="0.000000"/>
</kw>
<kw name="Log Info">
<kw name="Log" owner="BuiltIn">
<msg time="2024-04-14T14:43:40.375020" level="INFO">['pierwszy', 'drugi', 'trzeci']</msg>
<arg>${log_message}</arg>
<doc>Logs the given message with the given level.</doc>
<status status="PASS" start="2024-04-14T14:43:40.375020" elapsed="0.000000"/>
</kw>
<arg>${lista}</arg>
<status status="PASS" start="2024-04-14T14:43:40.375020" elapsed="0.000000"/>
</kw>
<kw name="Log Info">
<kw name="Log" owner="BuiltIn">
<msg time="2024-04-14T14:43:40.375020" level="INFO">pierwszy</msg>
<arg>${log_message}</arg>
<doc>Logs the given message with the given level.</doc>
<status status="PASS" start="2024-04-14T14:43:40.375020" elapsed="0.000000"/>
</kw>
<arg>${lista}[0]</arg>
<status status="PASS" start="2024-04-14T14:43:40.375020" elapsed="0.000000"/>
</kw>
<kw name="Log Info">
<kw name="Log" owner="BuiltIn">
<msg time="2024-04-14T14:43:40.375020" level="INFO">['pierwszy', 'drugi']</msg>
<arg>${log_message}</arg>
<doc>Logs the given message with the given level.</doc>
<status status="PASS" start="2024-04-14T14:43:40.375020" elapsed="0.000000"/>
</kw>
<arg>${lista}[0:2]</arg>
<status status="PASS" start="2024-04-14T14:43:40.375020" elapsed="0.000000"/>
</kw>
<kw name="Length Should Be" owner="BuiltIn">
<msg time="2024-04-14T14:43:40.376017" level="INFO">Length is 3.</msg>
<arg>${lista}</arg>
<arg>3</arg>
<doc>Verifies that the length of the given item is correct.</doc>
<status status="PASS" start="2024-04-14T14:43:40.375020" elapsed="0.000997"/>
</kw>
<kw name="Length Should Be" owner="BuiltIn">
<msg time="2024-04-14T14:43:40.376017" level="INFO">Length is 3.</msg>
<msg time="2024-04-14T14:43:40.376017" level="FAIL">Length of '['pierwszy', 'drugi', 'trzeci']' should be 4 but is 3.</msg>
<arg>${lista}</arg>
<arg>4</arg>
<doc>Verifies that the length of the given item is correct.</doc>
<status status="FAIL" start="2024-04-14T14:43:40.376017" elapsed="0.000000">Length of '['pierwszy', 'drugi', 'trzeci']' should be 4 but is 3.</status>
</kw>
<status status="FAIL" start="2024-04-14T14:43:40.374023" elapsed="0.001994">Length of '['pierwszy', 'drugi', 'trzeci']' should be 4 but is 3.</status>
</test>
<test id="s1-s2-s3-s2-t13" name="Tworzenie Dictionary" line="108">
<kw name="Create Dictionary" owner="BuiltIn">
<msg time="2024-04-14T14:43:40.377143" level="INFO">&amp;{dict} = { pierwszy=1 | drugi=2 | trzeci=3 }</msg>
<var>&amp;{dict}</var>
<arg>pierwszy=1</arg>
<arg>drugi=2</arg>
<arg>trzeci=3</arg>
<doc>Creates and returns a dictionary based on the given ``items``.</doc>
<status status="PASS" start="2024-04-14T14:43:40.377143" elapsed="0.000000"/>
</kw>
<kw name="Log Many" owner="BuiltIn">
<msg time="2024-04-14T14:43:40.377143" level="INFO">pierwszy=1</msg>
<msg time="2024-04-14T14:43:40.377143" level="INFO">drugi=2</msg>
<msg time="2024-04-14T14:43:40.377143" level="INFO">trzeci=3</msg>
<arg>&amp;{dict}</arg>
<doc>Logs the given messages as separate entries using the INFO level.</doc>
<status status="PASS" start="2024-04-14T14:43:40.377143" elapsed="0.000000"/>
</kw>
<kw name="Log Info">
<kw name="Log" owner="BuiltIn">
<msg time="2024-04-14T14:43:40.377143" level="INFO">2</msg>
<arg>${log_message}</arg>
<doc>Logs the given message with the given level.</doc>
<status status="PASS" start="2024-04-14T14:43:40.377143" elapsed="0.000000"/>
</kw>
<arg>${dict.drugi}</arg>
<status status="PASS" start="2024-04-14T14:43:40.377143" elapsed="0.000000"/>
</kw>
<kw name="Length Should Be" owner="BuiltIn">
<msg time="2024-04-14T14:43:40.378140" level="INFO">Length is 3.</msg>
<arg>${dict}</arg>
<arg>3</arg>
<doc>Verifies that the length of the given item is correct.</doc>
<status status="PASS" start="2024-04-14T14:43:40.377143" elapsed="0.000997"/>
</kw>
<status status="PASS" start="2024-04-14T14:43:40.376017" elapsed="0.002123"/>
</test>
<doc>Testy dzień 2 Robot</doc>
<status status="FAIL" start="2024-04-14T14:43:30.322296" elapsed="10.055844"/>
</suite>
<status status="FAIL" start="2024-04-14T14:43:30.315232" elapsed="10.063904"/>
</suite>
<status status="FAIL" start="2024-04-14T14:43:20.253169" elapsed="20.126965"/>
</suite>
<status status="FAIL" start="2024-04-14T14:43:10.160511" elapsed="30.220621"/>
</suite>
<statistics>
<total>
<stat pass="30" fail="15" skip="3">All Tests</stat>
</total>
<tag>
</tag>
<suite>
<stat pass="30" fail="15" skip="3" id="s1" name="GlobalTestSuite">GlobalTestSuite</stat>
<stat pass="10" fail="5" skip="1" id="s1-s1" name="TestSuiteA">GlobalTestSuite.TestSuiteA</stat>
<stat pass="2" fail="1" skip="0" id="s1-s1-s1" name="TestSuite1">GlobalTestSuite.TestSuiteA.TestSuite1</stat>
<stat pass="8" fail="4" skip="1" id="s1-s1-s2" name="TestSuite2">GlobalTestSuite.TestSuiteA.TestSuite2</stat>
<stat pass="20" fail="10" skip="2" id="s1-s2" name="TestSuiteB">GlobalTestSuite.TestSuiteB</stat>
<stat pass="2" fail="1" skip="0" id="s1-s2-s1" name="TestSuite1">GlobalTestSuite.TestSuiteB.TestSuite1</stat>
<stat pass="8" fail="4" skip="1" id="s1-s2-s2" name="TestSuite2">GlobalTestSuite.TestSuiteB.TestSuite2</stat>
<stat pass="10" fail="5" skip="1" id="s1-s2-s3" name="TestSuiteC">GlobalTestSuite.TestSuiteB.TestSuiteC</stat>
<stat pass="2" fail="1" skip="0" id="s1-s2-s3-s1" name="TestSuite1">GlobalTestSuite.TestSuiteB.TestSuiteC.TestSuite1</stat>
<stat pass="8" fail="4" skip="1" id="s1-s2-s3-s2" name="TestSuite2">GlobalTestSuite.TestSuiteB.TestSuiteC.TestSuite2</stat>
</suite>
</statistics>
<errors>
<msg time="2024-04-14T14:43:10.150859" level="WARN">Error in file 'C:\Users\pc\PychRobot\pythonProject\GlobalTestSuite\TestSuiteA\TestSuite2.robot' on line 27: The '[Return]' setting is deprecated. Use the 'RETURN' statement instead.</msg>
<msg time="2024-04-14T14:43:10.153849" level="WARN">Error in file 'C:\Users\pc\PychRobot\pythonProject\GlobalTestSuite\TestSuiteB\TestSuite2.robot' on line 27: The '[Return]' setting is deprecated. Use the 'RETURN' statement instead.</msg>
<msg time="2024-04-14T14:43:10.157519" level="WARN">Error in file 'C:\Users\pc\PychRobot\pythonProject\GlobalTestSuite\TestSuiteB\TestSuiteC\TestSuite2.robot' on line 27: The '[Return]' setting is deprecated. Use the 'RETURN' statement instead.</msg>
<msg time="2024-04-14T14:43:10.198156" level="WARN">wiadomość WARN</msg>
<msg time="2024-04-14T14:43:20.264556" level="WARN">wiadomość WARN</msg>
<msg time="2024-04-14T14:43:30.325791" level="WARN">wiadomość WARN</msg>
</errors>
</robot>
